{"C:\\Users\\Work\\Desktop\\PROYECTO\\gymnomads\\backend\\index.js": {"path":"C:\\Users\\Work\\Desktop\\PROYECTO\\gymnomads\\backend\\index.js","statementMap":{"0":{"start":{"line":7,"column":13},"end":{"line":7,"column":28}},"1":{"start":{"line":9,"column":16},"end":{"line":9,"column":34}},"2":{"start":{"line":11,"column":18},"end":{"line":11,"column":52}},"3":{"start":{"line":12,"column":19},"end":{"line":12,"column":54}},"4":{"start":{"line":13,"column":20},"end":{"line":13,"column":56}},"5":{"start":{"line":18,"column":0},"end":{"line":18,"column":27}},"6":{"start":{"line":22,"column":12},"end":{"line":22,"column":21}},"7":{"start":{"line":26,"column":13},"end":{"line":26,"column":37}},"8":{"start":{"line":31,"column":0},"end":{"line":31,"column":16}},"9":{"start":{"line":35,"column":0},"end":{"line":35,"column":24}},"10":{"start":{"line":40,"column":0},"end":{"line":40,"column":47}},"11":{"start":{"line":45,"column":0},"end":{"line":47,"column":3}},"12":{"start":{"line":46,"column":2},"end":{"line":46,"column":34}},"13":{"start":{"line":53,"column":0},"end":{"line":53,"column":32}},"14":{"start":{"line":57,"column":0},"end":{"line":57,"column":34}},"15":{"start":{"line":61,"column":0},"end":{"line":61,"column":36}},"16":{"start":{"line":66,"column":0},"end":{"line":70,"column":1}},"17":{"start":{"line":67,"column":2},"end":{"line":69,"column":5}},"18":{"start":{"line":68,"column":4},"end":{"line":68,"column":87}},"19":{"start":{"line":72,"column":0},"end":{"line":72,"column":21}}},"fnMap":{"0":{"name":"(anonymous_0)","decl":{"start":{"line":45,"column":13},"end":{"line":45,"column":14}},"loc":{"start":{"line":45,"column":27},"end":{"line":47,"column":1}},"line":45},"1":{"name":"(anonymous_1)","decl":{"start":{"line":67,"column":19},"end":{"line":67,"column":20}},"loc":{"start":{"line":67,"column":25},"end":{"line":69,"column":3}},"line":67}},"branchMap":{"0":{"loc":{"start":{"line":26,"column":13},"end":{"line":26,"column":37}},"type":"binary-expr","locations":[{"start":{"line":26,"column":13},"end":{"line":26,"column":29}},{"start":{"line":26,"column":33},"end":{"line":26,"column":37}}],"line":26},"1":{"loc":{"start":{"line":66,"column":0},"end":{"line":70,"column":1}},"type":"if","locations":[{"start":{"line":66,"column":0},"end":{"line":70,"column":1}},{"start":{},"end":{}}],"line":66}},"s":{"0":6,"1":6,"2":6,"3":6,"4":6,"5":6,"6":6,"7":6,"8":6,"9":6,"10":6,"11":6,"12":1,"13":6,"14":6,"15":6,"16":6,"17":0,"18":0,"19":6},"f":{"0":1,"1":0},"b":{"0":[6,6],"1":[0,6]},"_coverageSchema":"1a1c01bbd47fc00a2c39e90264f33305004495a9","hash":"ba6f1de77477a6916d3aa0debf425159c233814f"}
,"C:\\Users\\Work\\Desktop\\PROYECTO\\gymnomads\\backend\\config\\db.js": {"path":"C:\\Users\\Work\\Desktop\\PROYECTO\\gymnomads\\backend\\config\\db.js","statementMap":{"0":{"start":{"line":17,"column":14},"end":{"line":17,"column":31}},"1":{"start":{"line":20,"column":0},"end":{"line":20,"column":27}},"2":{"start":{"line":25,"column":18},"end":{"line":25,"column":49}},"3":{"start":{"line":26,"column":15},"end":{"line":26,"column":82}},"4":{"start":{"line":31,"column":0},"end":{"line":35,"column":1}},"5":{"start":{"line":32,"column":2},"end":{"line":32,"column":78}},"6":{"start":{"line":33,"column":2},"end":{"line":33,"column":96}},"7":{"start":{"line":34,"column":2},"end":{"line":34,"column":18}},"8":{"start":{"line":39,"column":13},"end":{"line":45,"column":2}},"9":{"start":{"line":48,"column":0},"end":{"line":48,"column":32}}},"fnMap":{},"branchMap":{"0":{"loc":{"start":{"line":26,"column":15},"end":{"line":26,"column":82}},"type":"cond-expr","locations":[{"start":{"line":26,"column":27},"end":{"line":26,"column":43}},{"start":{"line":26,"column":47},"end":{"line":26,"column":81}}],"line":26},"1":{"loc":{"start":{"line":26,"column":47},"end":{"line":26,"column":81}},"type":"binary-expr","locations":[{"start":{"line":26,"column":47},"end":{"line":26,"column":66}},{"start":{"line":26,"column":70},"end":{"line":26,"column":81}}],"line":26},"2":{"loc":{"start":{"line":31,"column":0},"end":{"line":35,"column":1}},"type":"if","locations":[{"start":{"line":31,"column":0},"end":{"line":35,"column":1}},{"start":{},"end":{}}],"line":31},"3":{"loc":{"start":{"line":31,"column":4},"end":{"line":31,"column":44}},"type":"binary-expr","locations":[{"start":{"line":31,"column":4},"end":{"line":31,"column":13}},{"start":{"line":31,"column":17},"end":{"line":31,"column":44}}],"line":31},"4":{"loc":{"start":{"line":40,"column":8},"end":{"line":40,"column":42}},"type":"binary-expr","locations":[{"start":{"line":40,"column":8},"end":{"line":40,"column":27}},{"start":{"line":40,"column":31},"end":{"line":40,"column":42}}],"line":40},"5":{"loc":{"start":{"line":41,"column":8},"end":{"line":41,"column":35}},"type":"binary-expr","locations":[{"start":{"line":41,"column":8},"end":{"line":41,"column":27}},{"start":{"line":41,"column":31},"end":{"line":41,"column":35}}],"line":41},"6":{"loc":{"start":{"line":42,"column":8},"end":{"line":42,"column":37}},"type":"binary-expr","locations":[{"start":{"line":42,"column":8},"end":{"line":42,"column":27}},{"start":{"line":42,"column":31},"end":{"line":42,"column":37}}],"line":42},"7":{"loc":{"start":{"line":43,"column":12},"end":{"line":43,"column":41}},"type":"binary-expr","locations":[{"start":{"line":43,"column":12},"end":{"line":43,"column":35}},{"start":{"line":43,"column":39},"end":{"line":43,"column":41}}],"line":43}},"s":{"0":6,"1":6,"2":6,"3":6,"4":6,"5":0,"6":0,"7":0,"8":6,"9":6},"f":{},"b":{"0":[6,0],"1":[0,0],"2":[0,6],"3":[6,6],"4":[6,0],"5":[6,0],"6":[6,0],"7":[6,6]},"_coverageSchema":"1a1c01bbd47fc00a2c39e90264f33305004495a9","hash":"3eb583a29b74a00ad0812e097f94c99536105060"}
,"C:\\Users\\Work\\Desktop\\PROYECTO\\gymnomads\\backend\\src\\controllers\\gym-controller.js": {"path":"C:\\Users\\Work\\Desktop\\PROYECTO\\gymnomads\\backend\\src\\controllers\\gym-controller.js","statementMap":{"0":{"start":{"line":1,"column":11},"end":{"line":1,"column":37}},"1":{"start":{"line":2,"column":15},"end":{"line":2,"column":32}},"2":{"start":{"line":3,"column":11},"end":{"line":3,"column":33}},"3":{"start":{"line":4,"column":12},"end":{"line":4,"column":35}},"4":{"start":{"line":10,"column":19},"end":{"line":90,"column":1}},"5":{"start":{"line":11,"column":2},"end":{"line":89,"column":3}},"6":{"start":{"line":14,"column":51},"end":{"line":14,"column":60}},"7":{"start":{"line":15,"column":19},"end":{"line":15,"column":37}},"8":{"start":{"line":19,"column":15},"end":{"line":19,"column":19}},"9":{"start":{"line":20,"column":19},"end":{"line":20,"column":26}},"10":{"start":{"line":21,"column":20},"end":{"line":21,"column":24}},"11":{"start":{"line":23,"column":23},"end":{"line":23,"column":50}},"12":{"start":{"line":24,"column":4},"end":{"line":36,"column":5}},"13":{"start":{"line":25,"column":20},"end":{"line":25,"column":44}},"14":{"start":{"line":26,"column":6},"end":{"line":35,"column":7}},"15":{"start":{"line":27,"column":24},"end":{"line":27,"column":65}},"16":{"start":{"line":28,"column":8},"end":{"line":28,"column":23}},"17":{"start":{"line":29,"column":8},"end":{"line":29,"column":29}},"18":{"start":{"line":30,"column":8},"end":{"line":30,"column":37}},"19":{"start":{"line":34,"column":8},"end":{"line":34,"column":90}},"20":{"start":{"line":40,"column":20},"end":{"line":40,"column":64}},"21":{"start":{"line":41,"column":19},"end":{"line":41,"column":21}},"22":{"start":{"line":42,"column":23},"end":{"line":42,"column":25}},"23":{"start":{"line":46,"column":4},"end":{"line":51,"column":5}},"24":{"start":{"line":47,"column":6},"end":{"line":47,"column":43}},"25":{"start":{"line":48,"column":11},"end":{"line":51,"column":5}},"26":{"start":{"line":49,"column":6},"end":{"line":49,"column":55}},"27":{"start":{"line":50,"column":6},"end":{"line":50,"column":29}},"28":{"start":{"line":57,"column":4},"end":{"line":60,"column":5}},"29":{"start":{"line":58,"column":6},"end":{"line":58,"column":38}},"30":{"start":{"line":59,"column":6},"end":{"line":59,"column":24}},"31":{"start":{"line":62,"column":4},"end":{"line":66,"column":5}},"32":{"start":{"line":63,"column":6},"end":{"line":63,"column":58}},"33":{"start":{"line":64,"column":25},"end":{"line":64,"column":38}},"34":{"start":{"line":65,"column":6},"end":{"line":65,"column":42}},"35":{"start":{"line":68,"column":4},"end":{"line":68,"column":30}},"36":{"start":{"line":72,"column":26},"end":{"line":72,"column":89}},"37":{"start":{"line":73,"column":18},"end":{"line":73,"column":38}},"38":{"start":{"line":77,"column":22},"end":{"line":77,"column":94}},"39":{"start":{"line":78,"column":19},"end":{"line":78,"column":92}},"40":{"start":{"line":82,"column":4},"end":{"line":85,"column":7}},"41":{"start":{"line":87,"column":4},"end":{"line":87,"column":37}},"42":{"start":{"line":88,"column":4},"end":{"line":88,"column":68}},"43":{"start":{"line":96,"column":19},"end":{"line":126,"column":1}},"44":{"start":{"line":97,"column":2},"end":{"line":125,"column":3}},"45":{"start":{"line":100,"column":19},"end":{"line":100,"column":29}},"46":{"start":{"line":106,"column":19},"end":{"line":109,"column":5}},"47":{"start":{"line":113,"column":4},"end":{"line":115,"column":5}},"48":{"start":{"line":114,"column":6},"end":{"line":114,"column":73}},"49":{"start":{"line":119,"column":4},"end":{"line":119,"column":34}},"50":{"start":{"line":121,"column":4},"end":{"line":121,"column":25}},"51":{"start":{"line":122,"column":4},"end":{"line":124,"column":7}},"52":{"start":{"line":132,"column":18},"end":{"line":286,"column":1}},"53":{"start":{"line":133,"column":2},"end":{"line":285,"column":3}},"54":{"start":{"line":147,"column":8},"end":{"line":147,"column":16}},"55":{"start":{"line":151,"column":4},"end":{"line":165,"column":5}},"56":{"start":{"line":161,"column":6},"end":{"line":164,"column":9}},"57":{"start":{"line":169,"column":4},"end":{"line":173,"column":5}},"58":{"start":{"line":170,"column":6},"end":{"line":172,"column":9}},"59":{"start":{"line":175,"column":4},"end":{"line":179,"column":5}},"60":{"start":{"line":176,"column":6},"end":{"line":178,"column":9}},"61":{"start":{"line":183,"column":16},"end":{"line":183,"column":36}},"62":{"start":{"line":184,"column":16},"end":{"line":184,"column":37}},"63":{"start":{"line":186,"column":4},"end":{"line":190,"column":5}},"64":{"start":{"line":187,"column":6},"end":{"line":189,"column":9}},"65":{"start":{"line":192,"column":4},"end":{"line":196,"column":5}},"66":{"start":{"line":193,"column":6},"end":{"line":195,"column":9}},"67":{"start":{"line":202,"column":24},"end":{"line":205,"column":5}},"68":{"start":{"line":207,"column":18},"end":{"line":207,"column":36}},"69":{"start":{"line":211,"column":22},"end":{"line":216,"column":32}},"70":{"start":{"line":218,"column":25},"end":{"line":218,"column":53}},"71":{"start":{"line":222,"column":28},"end":{"line":225,"column":5}},"72":{"start":{"line":227,"column":4},"end":{"line":234,"column":5}},"73":{"start":{"line":230,"column":6},"end":{"line":230,"column":63}},"74":{"start":{"line":231,"column":6},"end":{"line":233,"column":9}},"75":{"start":{"line":238,"column":27},"end":{"line":238,"column":66}},"76":{"start":{"line":242,"column":28},"end":{"line":253,"column":5}},"77":{"start":{"line":257,"column":4},"end":{"line":279,"column":7}},"78":{"start":{"line":281,"column":4},"end":{"line":281,"column":58}},"79":{"start":{"line":282,"column":4},"end":{"line":284,"column":7}},"80":{"start":{"line":292,"column":18},"end":{"line":332,"column":1}},"81":{"start":{"line":293,"column":2},"end":{"line":331,"column":3}},"82":{"start":{"line":296,"column":19},"end":{"line":296,"column":29}},"83":{"start":{"line":300,"column":68},"end":{"line":300,"column":76}},"84":{"start":{"line":304,"column":4},"end":{"line":308,"column":5}},"85":{"start":{"line":305,"column":6},"end":{"line":307,"column":62}},"86":{"start":{"line":314,"column":21},"end":{"line":317,"column":5}},"87":{"start":{"line":321,"column":4},"end":{"line":323,"column":5}},"88":{"start":{"line":322,"column":6},"end":{"line":322,"column":73}},"89":{"start":{"line":327,"column":4},"end":{"line":327,"column":72}},"90":{"start":{"line":329,"column":4},"end":{"line":329,"column":25}},"91":{"start":{"line":330,"column":4},"end":{"line":330,"column":68}},"92":{"start":{"line":338,"column":18},"end":{"line":398,"column":1}},"93":{"start":{"line":339,"column":17},"end":{"line":339,"column":27}},"94":{"start":{"line":342,"column":2},"end":{"line":397,"column":3}},"95":{"start":{"line":344,"column":4},"end":{"line":349,"column":5}},"96":{"start":{"line":345,"column":6},"end":{"line":348,"column":9}},"97":{"start":{"line":352,"column":4},"end":{"line":352,"column":42}},"98":{"start":{"line":355,"column":4},"end":{"line":355,"column":40}},"99":{"start":{"line":358,"column":24},"end":{"line":361,"column":5}},"100":{"start":{"line":364,"column":4},"end":{"line":368,"column":5}},"101":{"start":{"line":365,"column":6},"end":{"line":365,"column":34}},"102":{"start":{"line":366,"column":6},"end":{"line":366,"column":27}},"103":{"start":{"line":367,"column":6},"end":{"line":367,"column":74}},"104":{"start":{"line":371,"column":4},"end":{"line":374,"column":6}},"105":{"start":{"line":379,"column":4},"end":{"line":379,"column":30}},"106":{"start":{"line":382,"column":4},"end":{"line":384,"column":7}},"107":{"start":{"line":387,"column":4},"end":{"line":389,"column":5}},"108":{"start":{"line":388,"column":6},"end":{"line":388,"column":34}},"109":{"start":{"line":390,"column":4},"end":{"line":390,"column":61}},"110":{"start":{"line":391,"column":4},"end":{"line":391,"column":69}},"111":{"start":{"line":394,"column":4},"end":{"line":396,"column":5}},"112":{"start":{"line":395,"column":6},"end":{"line":395,"column":27}},"113":{"start":{"line":404,"column":22},"end":{"line":467,"column":1}},"114":{"start":{"line":405,"column":2},"end":{"line":466,"column":3}},"115":{"start":{"line":408,"column":22},"end":{"line":408,"column":32}},"116":{"start":{"line":409,"column":45},"end":{"line":409,"column":54}},"117":{"start":{"line":410,"column":19},"end":{"line":410,"column":37}},"118":{"start":{"line":414,"column":20},"end":{"line":417,"column":5}},"119":{"start":{"line":418,"column":19},"end":{"line":418,"column":26}},"120":{"start":{"line":419,"column":23},"end":{"line":419,"column":25}},"121":{"start":{"line":423,"column":4},"end":{"line":427,"column":5}},"122":{"start":{"line":424,"column":6},"end":{"line":424,"column":85}},"123":{"start":{"line":425,"column":25},"end":{"line":425,"column":38}},"124":{"start":{"line":426,"column":6},"end":{"line":426,"column":54}},"125":{"start":{"line":429,"column":4},"end":{"line":429,"column":30}},"126":{"start":{"line":433,"column":26},"end":{"line":433,"column":89}},"127":{"start":{"line":434,"column":18},"end":{"line":434,"column":38}},"128":{"start":{"line":438,"column":22},"end":{"line":444,"column":5}},"129":{"start":{"line":445,"column":20},"end":{"line":445,"column":93}},"130":{"start":{"line":449,"column":20},"end":{"line":449,"column":46}},"131":{"start":{"line":450,"column":30},"end":{"line":455,"column":6}},"132":{"start":{"line":451,"column":6},"end":{"line":453,"column":7}},"133":{"start":{"line":452,"column":8},"end":{"line":452,"column":88}},"134":{"start":{"line":454,"column":6},"end":{"line":454,"column":18}},"135":{"start":{"line":459,"column":4},"end":{"line":462,"column":7}},"136":{"start":{"line":464,"column":4},"end":{"line":464,"column":70}},"137":{"start":{"line":465,"column":4},"end":{"line":465,"column":68}},"138":{"start":{"line":473,"column":23},"end":{"line":532,"column":1}},"139":{"start":{"line":474,"column":2},"end":{"line":531,"column":3}},"140":{"start":{"line":477,"column":4},"end":{"line":481,"column":5}},"141":{"start":{"line":478,"column":6},"end":{"line":480,"column":61}},"142":{"start":{"line":483,"column":19},"end":{"line":483,"column":29}},"143":{"start":{"line":484,"column":24},"end":{"line":484,"column":37}},"144":{"start":{"line":490,"column":19},"end":{"line":493,"column":5}},"145":{"start":{"line":495,"column":4},"end":{"line":497,"column":5}},"146":{"start":{"line":496,"column":6},"end":{"line":496,"column":73}},"147":{"start":{"line":498,"column":24},"end":{"line":498,"column":50}},"148":{"start":{"line":502,"column":4},"end":{"line":505,"column":7}},"149":{"start":{"line":509,"column":4},"end":{"line":520,"column":5}},"150":{"start":{"line":510,"column":6},"end":{"line":519,"column":7}},"151":{"start":{"line":511,"column":8},"end":{"line":511,"column":37}},"152":{"start":{"line":513,"column":8},"end":{"line":516,"column":10}},"153":{"start":{"line":524,"column":4},"end":{"line":527,"column":7}},"154":{"start":{"line":529,"column":4},"end":{"line":529,"column":25}},"155":{"start":{"line":530,"column":4},"end":{"line":530,"column":68}},"156":{"start":{"line":538,"column":19},"end":{"line":540,"column":1}},"157":{"start":{"line":539,"column":2},"end":{"line":539,"column":39}},"158":{"start":{"line":546,"column":24},"end":{"line":548,"column":1}},"159":{"start":{"line":547,"column":2},"end":{"line":547,"column":45}},"160":{"start":{"line":554,"column":25},"end":{"line":597,"column":1}},"161":{"start":{"line":555,"column":2},"end":{"line":596,"column":3}},"162":{"start":{"line":556,"column":19},"end":{"line":556,"column":29}},"163":{"start":{"line":560,"column":4},"end":{"line":564,"column":5}},"164":{"start":{"line":561,"column":6},"end":{"line":563,"column":9}},"165":{"start":{"line":568,"column":19},"end":{"line":571,"column":5}},"166":{"start":{"line":573,"column":4},"end":{"line":575,"column":5}},"167":{"start":{"line":574,"column":6},"end":{"line":574,"column":89}},"168":{"start":{"line":577,"column":26},"end":{"line":577,"column":46}},"169":{"start":{"line":578,"column":22},"end":{"line":578,"column":49}},"170":{"start":{"line":582,"column":4},"end":{"line":585,"column":7}},"171":{"start":{"line":589,"column":4},"end":{"line":592,"column":7}},"172":{"start":{"line":594,"column":4},"end":{"line":594,"column":85}},"173":{"start":{"line":595,"column":4},"end":{"line":595,"column":69}},"174":{"start":{"line":599,"column":0},"end":{"line":609,"column":2}}},"fnMap":{"0":{"name":"(anonymous_0)","decl":{"start":{"line":10,"column":19},"end":{"line":10,"column":20}},"loc":{"start":{"line":10,"column":39},"end":{"line":90,"column":1}},"line":10},"1":{"name":"(anonymous_1)","decl":{"start":{"line":96,"column":19},"end":{"line":96,"column":20}},"loc":{"start":{"line":96,"column":39},"end":{"line":126,"column":1}},"line":96},"2":{"name":"(anonymous_2)","decl":{"start":{"line":132,"column":18},"end":{"line":132,"column":19}},"loc":{"start":{"line":132,"column":38},"end":{"line":286,"column":1}},"line":132},"3":{"name":"(anonymous_3)","decl":{"start":{"line":292,"column":18},"end":{"line":292,"column":19}},"loc":{"start":{"line":292,"column":38},"end":{"line":332,"column":1}},"line":292},"4":{"name":"(anonymous_4)","decl":{"start":{"line":338,"column":18},"end":{"line":338,"column":19}},"loc":{"start":{"line":338,"column":38},"end":{"line":398,"column":1}},"line":338},"5":{"name":"(anonymous_5)","decl":{"start":{"line":404,"column":22},"end":{"line":404,"column":23}},"loc":{"start":{"line":404,"column":42},"end":{"line":467,"column":1}},"line":404},"6":{"name":"(anonymous_6)","decl":{"start":{"line":450,"column":40},"end":{"line":450,"column":41}},"loc":{"start":{"line":450,"column":50},"end":{"line":455,"column":5}},"line":450},"7":{"name":"(anonymous_7)","decl":{"start":{"line":473,"column":23},"end":{"line":473,"column":24}},"loc":{"start":{"line":473,"column":60},"end":{"line":532,"column":1}},"line":473},"8":{"name":"(anonymous_8)","decl":{"start":{"line":538,"column":19},"end":{"line":538,"column":20}},"loc":{"start":{"line":538,"column":33},"end":{"line":540,"column":1}},"line":538},"9":{"name":"(anonymous_9)","decl":{"start":{"line":546,"column":24},"end":{"line":546,"column":25}},"loc":{"start":{"line":546,"column":38},"end":{"line":548,"column":1}},"line":546},"10":{"name":"(anonymous_10)","decl":{"start":{"line":554,"column":25},"end":{"line":554,"column":26}},"loc":{"start":{"line":554,"column":45},"end":{"line":597,"column":1}},"line":554}},"branchMap":{"0":{"loc":{"start":{"line":14,"column":26},"end":{"line":14,"column":34}},"type":"default-arg","locations":[{"start":{"line":14,"column":33},"end":{"line":14,"column":34}}],"line":14},"1":{"loc":{"start":{"line":14,"column":36},"end":{"line":14,"column":46}},"type":"default-arg","locations":[{"start":{"line":14,"column":44},"end":{"line":14,"column":46}}],"line":14},"2":{"loc":{"start":{"line":24,"column":4},"end":{"line":36,"column":5}},"type":"if","locations":[{"start":{"line":24,"column":4},"end":{"line":36,"column":5}},{"start":{},"end":{}}],"line":24},"3":{"loc":{"start":{"line":24,"column":8},"end":{"line":24,"column":54}},"type":"binary-expr","locations":[{"start":{"line":24,"column":8},"end":{"line":24,"column":18}},{"start":{"line":24,"column":22},"end":{"line":24,"column":54}}],"line":24},"4":{"loc":{"start":{"line":46,"column":4},"end":{"line":51,"column":5}},"type":"if","locations":[{"start":{"line":46,"column":4},"end":{"line":51,"column":5}},{"start":{"line":48,"column":11},"end":{"line":51,"column":5}}],"line":46},"5":{"loc":{"start":{"line":46,"column":8},"end":{"line":46,"column":51}},"type":"binary-expr","locations":[{"start":{"line":46,"column":8},"end":{"line":46,"column":28}},{"start":{"line":46,"column":32},"end":{"line":46,"column":51}}],"line":46},"6":{"loc":{"start":{"line":48,"column":11},"end":{"line":51,"column":5}},"type":"if","locations":[{"start":{"line":48,"column":11},"end":{"line":51,"column":5}},{"start":{},"end":{}}],"line":48},"7":{"loc":{"start":{"line":57,"column":4},"end":{"line":60,"column":5}},"type":"if","locations":[{"start":{"line":57,"column":4},"end":{"line":60,"column":5}},{"start":{},"end":{}}],"line":57},"8":{"loc":{"start":{"line":62,"column":4},"end":{"line":66,"column":5}},"type":"if","locations":[{"start":{"line":62,"column":4},"end":{"line":66,"column":5}},{"start":{},"end":{}}],"line":62},"9":{"loc":{"start":{"line":113,"column":4},"end":{"line":115,"column":5}},"type":"if","locations":[{"start":{"line":113,"column":4},"end":{"line":115,"column":5}},{"start":{},"end":{}}],"line":113},"10":{"loc":{"start":{"line":151,"column":4},"end":{"line":165,"column":5}},"type":"if","locations":[{"start":{"line":151,"column":4},"end":{"line":165,"column":5}},{"start":{},"end":{}}],"line":151},"11":{"loc":{"start":{"line":152,"column":6},"end":{"line":159,"column":23}},"type":"binary-expr","locations":[{"start":{"line":152,"column":6},"end":{"line":152,"column":11}},{"start":{"line":153,"column":6},"end":{"line":153,"column":14}},{"start":{"line":154,"column":6},"end":{"line":154,"column":11}},{"start":{"line":155,"column":6},"end":{"line":155,"column":15}},{"start":{"line":156,"column":6},"end":{"line":156,"column":16}},{"start":{"line":157,"column":6},"end":{"line":157,"column":25}},{"start":{"line":158,"column":6},"end":{"line":158,"column":24}},{"start":{"line":159,"column":6},"end":{"line":159,"column":23}}],"line":152},"12":{"loc":{"start":{"line":169,"column":4},"end":{"line":173,"column":5}},"type":"if","locations":[{"start":{"line":169,"column":4},"end":{"line":173,"column":5}},{"start":{},"end":{}}],"line":169},"13":{"loc":{"start":{"line":175,"column":4},"end":{"line":179,"column":5}},"type":"if","locations":[{"start":{"line":175,"column":4},"end":{"line":179,"column":5}},{"start":{},"end":{}}],"line":175},"14":{"loc":{"start":{"line":186,"column":4},"end":{"line":190,"column":5}},"type":"if","locations":[{"start":{"line":186,"column":4},"end":{"line":190,"column":5}},{"start":{},"end":{}}],"line":186},"15":{"loc":{"start":{"line":186,"column":8},"end":{"line":186,"column":32}},"type":"binary-expr","locations":[{"start":{"line":186,"column":8},"end":{"line":186,"column":18}},{"start":{"line":186,"column":22},"end":{"line":186,"column":32}}],"line":186},"16":{"loc":{"start":{"line":192,"column":4},"end":{"line":196,"column":5}},"type":"if","locations":[{"start":{"line":192,"column":4},"end":{"line":196,"column":5}},{"start":{},"end":{}}],"line":192},"17":{"loc":{"start":{"line":192,"column":8},"end":{"line":192,"column":56}},"type":"binary-expr","locations":[{"start":{"line":192,"column":8},"end":{"line":192,"column":17}},{"start":{"line":192,"column":21},"end":{"line":192,"column":29}},{"start":{"line":192,"column":33},"end":{"line":192,"column":43}},{"start":{"line":192,"column":47},"end":{"line":192,"column":56}}],"line":192},"18":{"loc":{"start":{"line":204,"column":38},"end":{"line":204,"column":55}},"type":"binary-expr","locations":[{"start":{"line":204,"column":38},"end":{"line":204,"column":47}},{"start":{"line":204,"column":51},"end":{"line":204,"column":55}}],"line":204},"19":{"loc":{"start":{"line":227,"column":4},"end":{"line":234,"column":5}},"type":"if","locations":[{"start":{"line":227,"column":4},"end":{"line":234,"column":5}},{"start":{},"end":{}}],"line":227},"20":{"loc":{"start":{"line":249,"column":8},"end":{"line":249,"column":37}},"type":"binary-expr","locations":[{"start":{"line":249,"column":8},"end":{"line":249,"column":29}},{"start":{"line":249,"column":33},"end":{"line":249,"column":37}}],"line":249},"21":{"loc":{"start":{"line":269,"column":19},"end":{"line":269,"column":36}},"type":"binary-expr","locations":[{"start":{"line":269,"column":19},"end":{"line":269,"column":28}},{"start":{"line":269,"column":32},"end":{"line":269,"column":36}}],"line":269},"22":{"loc":{"start":{"line":276,"column":15},"end":{"line":276,"column":44}},"type":"binary-expr","locations":[{"start":{"line":276,"column":15},"end":{"line":276,"column":36}},{"start":{"line":276,"column":40},"end":{"line":276,"column":44}}],"line":276},"23":{"loc":{"start":{"line":304,"column":4},"end":{"line":308,"column":5}},"type":"if","locations":[{"start":{"line":304,"column":4},"end":{"line":308,"column":5}},{"start":{},"end":{}}],"line":304},"24":{"loc":{"start":{"line":304,"column":8},"end":{"line":304,"column":61}},"type":"binary-expr","locations":[{"start":{"line":304,"column":8},"end":{"line":304,"column":13}},{"start":{"line":304,"column":17},"end":{"line":304,"column":25}},{"start":{"line":304,"column":29},"end":{"line":304,"column":34}},{"start":{"line":304,"column":38},"end":{"line":304,"column":47}},{"start":{"line":304,"column":51},"end":{"line":304,"column":61}}],"line":304},"25":{"loc":{"start":{"line":316,"column":49},"end":{"line":316,"column":66}},"type":"binary-expr","locations":[{"start":{"line":316,"column":49},"end":{"line":316,"column":58}},{"start":{"line":316,"column":62},"end":{"line":316,"column":66}}],"line":316},"26":{"loc":{"start":{"line":321,"column":4},"end":{"line":323,"column":5}},"type":"if","locations":[{"start":{"line":321,"column":4},"end":{"line":323,"column":5}},{"start":{},"end":{}}],"line":321},"27":{"loc":{"start":{"line":344,"column":4},"end":{"line":349,"column":5}},"type":"if","locations":[{"start":{"line":344,"column":4},"end":{"line":349,"column":5}},{"start":{},"end":{}}],"line":344},"28":{"loc":{"start":{"line":364,"column":4},"end":{"line":368,"column":5}},"type":"if","locations":[{"start":{"line":364,"column":4},"end":{"line":368,"column":5}},{"start":{},"end":{}}],"line":364},"29":{"loc":{"start":{"line":387,"column":4},"end":{"line":389,"column":5}},"type":"if","locations":[{"start":{"line":387,"column":4},"end":{"line":389,"column":5}},{"start":{},"end":{}}],"line":387},"30":{"loc":{"start":{"line":394,"column":4},"end":{"line":396,"column":5}},"type":"if","locations":[{"start":{"line":394,"column":4},"end":{"line":396,"column":5}},{"start":{},"end":{}}],"line":394},"31":{"loc":{"start":{"line":409,"column":20},"end":{"line":409,"column":28}},"type":"default-arg","locations":[{"start":{"line":409,"column":27},"end":{"line":409,"column":28}}],"line":409},"32":{"loc":{"start":{"line":409,"column":30},"end":{"line":409,"column":40}},"type":"default-arg","locations":[{"start":{"line":409,"column":38},"end":{"line":409,"column":40}}],"line":409},"33":{"loc":{"start":{"line":423,"column":4},"end":{"line":427,"column":5}},"type":"if","locations":[{"start":{"line":423,"column":4},"end":{"line":427,"column":5}},{"start":{},"end":{}}],"line":423},"34":{"loc":{"start":{"line":449,"column":20},"end":{"line":449,"column":46}},"type":"binary-expr","locations":[{"start":{"line":449,"column":20},"end":{"line":449,"column":40}},{"start":{"line":449,"column":44},"end":{"line":449,"column":46}}],"line":449},"35":{"loc":{"start":{"line":451,"column":6},"end":{"line":453,"column":7}},"type":"if","locations":[{"start":{"line":451,"column":6},"end":{"line":453,"column":7}},{"start":{},"end":{}}],"line":451},"36":{"loc":{"start":{"line":477,"column":4},"end":{"line":481,"column":5}},"type":"if","locations":[{"start":{"line":477,"column":4},"end":{"line":481,"column":5}},{"start":{},"end":{}}],"line":477},"37":{"loc":{"start":{"line":495,"column":4},"end":{"line":497,"column":5}},"type":"if","locations":[{"start":{"line":495,"column":4},"end":{"line":497,"column":5}},{"start":{},"end":{}}],"line":495},"38":{"loc":{"start":{"line":509,"column":4},"end":{"line":520,"column":5}},"type":"if","locations":[{"start":{"line":509,"column":4},"end":{"line":520,"column":5}},{"start":{},"end":{}}],"line":509},"39":{"loc":{"start":{"line":560,"column":4},"end":{"line":564,"column":5}},"type":"if","locations":[{"start":{"line":560,"column":4},"end":{"line":564,"column":5}},{"start":{},"end":{}}],"line":560},"40":{"loc":{"start":{"line":573,"column":4},"end":{"line":575,"column":5}},"type":"if","locations":[{"start":{"line":573,"column":4},"end":{"line":575,"column":5}},{"start":{},"end":{}}],"line":573},"41":{"loc":{"start":{"line":578,"column":22},"end":{"line":578,"column":49}},"type":"cond-expr","locations":[{"start":{"line":578,"column":44},"end":{"line":578,"column":45}},{"start":{"line":578,"column":48},"end":{"line":578,"column":49}}],"line":578},"42":{"loc":{"start":{"line":590,"column":27},"end":{"line":590,"column":72}},"type":"cond-expr","locations":[{"start":{"line":590,"column":45},"end":{"line":590,"column":57}},{"start":{"line":590,"column":60},"end":{"line":590,"column":72}}],"line":590}},"s":{"0":6,"1":6,"2":6,"3":6,"4":6,"5":2,"6":2,"7":2,"8":2,"9":2,"10":2,"11":2,"12":2,"13":0,"14":0,"15":0,"16":0,"17":0,"18":0,"19":0,"20":2,"21":2,"22":2,"23":2,"24":2,"25":0,"26":0,"27":0,"28":2,"29":0,"30":0,"31":2,"32":0,"33":0,"34":0,"35":2,"36":2,"37":2,"38":2,"39":2,"40":2,"41":0,"42":0,"43":6,"44":0,"45":0,"46":0,"47":0,"48":0,"49":0,"50":0,"51":0,"52":6,"53":1,"54":1,"55":1,"56":0,"57":1,"58":0,"59":1,"60":0,"61":1,"62":1,"63":1,"64":0,"65":1,"66":0,"67":1,"68":1,"69":1,"70":1,"71":1,"72":1,"73":0,"74":0,"75":1,"76":1,"77":1,"78":0,"79":0,"80":6,"81":0,"82":0,"83":0,"84":0,"85":0,"86":0,"87":0,"88":0,"89":0,"90":0,"91":0,"92":6,"93":0,"94":0,"95":0,"96":0,"97":0,"98":0,"99":0,"100":0,"101":0,"102":0,"103":0,"104":0,"105":0,"106":0,"107":0,"108":0,"109":0,"110":0,"111":0,"112":0,"113":6,"114":2,"115":2,"116":2,"117":2,"118":2,"119":2,"120":2,"121":2,"122":0,"123":0,"124":0,"125":2,"126":2,"127":2,"128":2,"129":2,"130":2,"131":2,"132":2,"133":0,"134":2,"135":2,"136":0,"137":0,"138":6,"139":0,"140":0,"141":0,"142":0,"143":0,"144":0,"145":0,"146":0,"147":0,"148":0,"149":0,"150":0,"151":0,"152":0,"153":0,"154":0,"155":0,"156":6,"157":0,"158":6,"159":0,"160":6,"161":0,"162":0,"163":0,"164":0,"165":0,"166":0,"167":0,"168":0,"169":0,"170":0,"171":0,"172":0,"173":0,"174":6},"f":{"0":2,"1":0,"2":1,"3":0,"4":0,"5":2,"6":2,"7":0,"8":0,"9":0,"10":0},"b":{"0":[2],"1":[2],"2":[0,2],"3":[2,0],"4":[2,0],"5":[2,0],"6":[0,0],"7":[0,2],"8":[0,2],"9":[0,0],"10":[0,1],"11":[1,1,1,1,1,1,1,1],"12":[0,1],"13":[0,1],"14":[0,1],"15":[1,1],"16":[0,1],"17":[1,1,1,1],"18":[1,0],"19":[0,1],"20":[1,0],"21":[1,0],"22":[1,0],"23":[0,0],"24":[0,0,0,0,0],"25":[0,0],"26":[0,0],"27":[0,0],"28":[0,0],"29":[0,0],"30":[0,0],"31":[2],"32":[2],"33":[0,2],"34":[2,0],"35":[0,2],"36":[0,0],"37":[0,0],"38":[0,0],"39":[0,0],"40":[0,0],"41":[0,0],"42":[0,0]},"_coverageSchema":"1a1c01bbd47fc00a2c39e90264f33305004495a9","hash":"35b427a4bcca4f9716c659e7b66383be1c5f4b8f"}
,"C:\\Users\\Work\\Desktop\\PROYECTO\\gymnomads\\backend\\src\\controllers\\user-controller.js": {"path":"C:\\Users\\Work\\Desktop\\PROYECTO\\gymnomads\\backend\\src\\controllers\\user-controller.js","statementMap":{"0":{"start":{"line":1,"column":11},"end":{"line":1,"column":37}},"1":{"start":{"line":2,"column":15},"end":{"line":2,"column":32}},"2":{"start":{"line":3,"column":12},"end":{"line":3,"column":35}},"3":{"start":{"line":4,"column":11},"end":{"line":4,"column":33}},"4":{"start":{"line":10,"column":21},"end":{"line":60,"column":1}},"5":{"start":{"line":11,"column":2},"end":{"line":59,"column":3}},"6":{"start":{"line":14,"column":68},"end":{"line":14,"column":76}},"7":{"start":{"line":18,"column":27},"end":{"line":21,"column":5}},"8":{"start":{"line":23,"column":4},"end":{"line":27,"column":5}},"9":{"start":{"line":26,"column":6},"end":{"line":26,"column":78}},"10":{"start":{"line":31,"column":23},"end":{"line":31,"column":25}},"11":{"start":{"line":32,"column":27},"end":{"line":32,"column":66}},"12":{"start":{"line":36,"column":19},"end":{"line":39,"column":5}},"13":{"start":{"line":43,"column":18},"end":{"line":47,"column":5}},"14":{"start":{"line":51,"column":4},"end":{"line":55,"column":7}},"15":{"start":{"line":57,"column":4},"end":{"line":57,"column":25}},"16":{"start":{"line":58,"column":4},"end":{"line":58,"column":68}},"17":{"start":{"line":66,"column":18},"end":{"line":116,"column":1}},"18":{"start":{"line":67,"column":2},"end":{"line":115,"column":3}},"19":{"start":{"line":70,"column":32},"end":{"line":70,"column":40}},"20":{"start":{"line":74,"column":20},"end":{"line":77,"column":5}},"21":{"start":{"line":81,"column":4},"end":{"line":84,"column":5}},"22":{"start":{"line":82,"column":6},"end":{"line":82,"column":42}},"23":{"start":{"line":83,"column":6},"end":{"line":83,"column":75}},"24":{"start":{"line":86,"column":17},"end":{"line":86,"column":25}},"25":{"start":{"line":90,"column":20},"end":{"line":90,"column":65}},"26":{"start":{"line":92,"column":4},"end":{"line":95,"column":5}},"27":{"start":{"line":93,"column":6},"end":{"line":93,"column":45}},"28":{"start":{"line":94,"column":6},"end":{"line":94,"column":75}},"29":{"start":{"line":99,"column":20},"end":{"line":103,"column":5}},"30":{"start":{"line":104,"column":18},"end":{"line":106,"column":6}},"31":{"start":{"line":108,"column":4},"end":{"line":111,"column":7}},"32":{"start":{"line":113,"column":4},"end":{"line":113,"column":25}},"33":{"start":{"line":114,"column":4},"end":{"line":114,"column":68}},"34":{"start":{"line":122,"column":19},"end":{"line":173,"column":1}},"35":{"start":{"line":123,"column":2},"end":{"line":172,"column":3}},"36":{"start":{"line":126,"column":19},"end":{"line":126,"column":34}},"37":{"start":{"line":130,"column":20},"end":{"line":138,"column":5}},"38":{"start":{"line":142,"column":4},"end":{"line":145,"column":5}},"39":{"start":{"line":143,"column":6},"end":{"line":143,"column":63}},"40":{"start":{"line":144,"column":6},"end":{"line":144,"column":72}},"41":{"start":{"line":149,"column":24},"end":{"line":149,"column":39}},"42":{"start":{"line":151,"column":4},"end":{"line":164,"column":5}},"43":{"start":{"line":152,"column":24},"end":{"line":152,"column":71}},"44":{"start":{"line":154,"column":6},"end":{"line":158,"column":7}},"45":{"start":{"line":155,"column":8},"end":{"line":157,"column":10}},"46":{"start":{"line":160,"column":6},"end":{"line":162,"column":22}},"47":{"start":{"line":163,"column":6},"end":{"line":163,"column":76}},"48":{"start":{"line":168,"column":4},"end":{"line":168,"column":38}},"49":{"start":{"line":170,"column":4},"end":{"line":170,"column":58}},"50":{"start":{"line":171,"column":4},"end":{"line":171,"column":70}},"51":{"start":{"line":179,"column":22},"end":{"line":210,"column":1}},"52":{"start":{"line":180,"column":2},"end":{"line":209,"column":3}},"53":{"start":{"line":183,"column":19},"end":{"line":183,"column":34}},"54":{"start":{"line":187,"column":45},"end":{"line":187,"column":53}},"55":{"start":{"line":191,"column":21},"end":{"line":194,"column":5}},"56":{"start":{"line":198,"column":4},"end":{"line":201,"column":5}},"57":{"start":{"line":199,"column":6},"end":{"line":199,"column":45}},"58":{"start":{"line":200,"column":6},"end":{"line":200,"column":72}},"59":{"start":{"line":205,"column":4},"end":{"line":205,"column":70}},"60":{"start":{"line":207,"column":4},"end":{"line":207,"column":37}},"61":{"start":{"line":208,"column":4},"end":{"line":208,"column":68}},"62":{"start":{"line":216,"column":28},"end":{"line":242,"column":1}},"63":{"start":{"line":217,"column":2},"end":{"line":241,"column":3}},"64":{"start":{"line":220,"column":19},"end":{"line":220,"column":34}},"65":{"start":{"line":224,"column":21},"end":{"line":224,"column":79}},"66":{"start":{"line":228,"column":4},"end":{"line":231,"column":5}},"67":{"start":{"line":229,"column":6},"end":{"line":229,"column":45}},"68":{"start":{"line":230,"column":6},"end":{"line":230,"column":72}},"69":{"start":{"line":233,"column":4},"end":{"line":233,"column":74}},"70":{"start":{"line":237,"column":4},"end":{"line":237,"column":27}},"71":{"start":{"line":239,"column":4},"end":{"line":239,"column":25}},"72":{"start":{"line":240,"column":4},"end":{"line":240,"column":68}},"73":{"start":{"line":248,"column":29},"end":{"line":298,"column":1}},"74":{"start":{"line":249,"column":2},"end":{"line":297,"column":3}},"75":{"start":{"line":252,"column":4},"end":{"line":256,"column":5}},"76":{"start":{"line":253,"column":6},"end":{"line":255,"column":61}},"77":{"start":{"line":258,"column":19},"end":{"line":258,"column":34}},"78":{"start":{"line":259,"column":21},"end":{"line":259,"column":34}},"79":{"start":{"line":263,"column":20},"end":{"line":266,"column":5}},"80":{"start":{"line":267,"column":24},"end":{"line":267,"column":49}},"81":{"start":{"line":271,"column":4},"end":{"line":274,"column":7}},"82":{"start":{"line":278,"column":4},"end":{"line":286,"column":5}},"83":{"start":{"line":279,"column":6},"end":{"line":285,"column":7}},"84":{"start":{"line":280,"column":8},"end":{"line":280,"column":37}},"85":{"start":{"line":282,"column":8},"end":{"line":282,"column":66}},"86":{"start":{"line":290,"column":4},"end":{"line":293,"column":7}},"87":{"start":{"line":295,"column":4},"end":{"line":295,"column":80}},"88":{"start":{"line":296,"column":4},"end":{"line":296,"column":68}},"89":{"start":{"line":304,"column":26},"end":{"line":339,"column":1}},"90":{"start":{"line":305,"column":2},"end":{"line":338,"column":3}},"91":{"start":{"line":308,"column":25},"end":{"line":308,"column":52}},"92":{"start":{"line":312,"column":24},"end":{"line":312,"column":39}},"93":{"start":{"line":316,"column":4},"end":{"line":320,"column":5}},"94":{"start":{"line":317,"column":6},"end":{"line":319,"column":9}},"95":{"start":{"line":324,"column":21},"end":{"line":326,"column":6}},"96":{"start":{"line":328,"column":4},"end":{"line":330,"column":5}},"97":{"start":{"line":329,"column":6},"end":{"line":329,"column":72}},"98":{"start":{"line":334,"column":4},"end":{"line":334,"column":27}},"99":{"start":{"line":336,"column":4},"end":{"line":336,"column":25}},"100":{"start":{"line":337,"column":4},"end":{"line":337,"column":68}},"101":{"start":{"line":345,"column":20},"end":{"line":429,"column":1}},"102":{"start":{"line":346,"column":2},"end":{"line":428,"column":3}},"103":{"start":{"line":349,"column":65},"end":{"line":349,"column":74}},"104":{"start":{"line":350,"column":19},"end":{"line":350,"column":37}},"105":{"start":{"line":354,"column":20},"end":{"line":358,"column":5}},"106":{"start":{"line":359,"column":19},"end":{"line":359,"column":21}},"107":{"start":{"line":363,"column":23},"end":{"line":363,"column":25}},"108":{"start":{"line":364,"column":4},"end":{"line":368,"column":5}},"109":{"start":{"line":365,"column":6},"end":{"line":365,"column":46}},"110":{"start":{"line":366,"column":11},"end":{"line":368,"column":5}},"111":{"start":{"line":367,"column":6},"end":{"line":367,"column":46}},"112":{"start":{"line":370,"column":4},"end":{"line":373,"column":5}},"113":{"start":{"line":371,"column":6},"end":{"line":371,"column":47}},"114":{"start":{"line":372,"column":6},"end":{"line":372,"column":26}},"115":{"start":{"line":375,"column":4},"end":{"line":379,"column":5}},"116":{"start":{"line":376,"column":6},"end":{"line":376,"column":91}},"117":{"start":{"line":377,"column":25},"end":{"line":377,"column":38}},"118":{"start":{"line":378,"column":6},"end":{"line":378,"column":54}},"119":{"start":{"line":381,"column":4},"end":{"line":381,"column":30}},"120":{"start":{"line":385,"column":26},"end":{"line":385,"column":92}},"121":{"start":{"line":386,"column":18},"end":{"line":386,"column":38}},"122":{"start":{"line":391,"column":20},"end":{"line":400,"column":5}},"123":{"start":{"line":404,"column":20},"end":{"line":404,"column":93}},"124":{"start":{"line":408,"column":20},"end":{"line":408,"column":46}},"125":{"start":{"line":409,"column":30},"end":{"line":417,"column":6}},"126":{"start":{"line":410,"column":6},"end":{"line":412,"column":7}},"127":{"start":{"line":411,"column":8},"end":{"line":411,"column":88}},"128":{"start":{"line":413,"column":6},"end":{"line":415,"column":7}},"129":{"start":{"line":414,"column":8},"end":{"line":414,"column":74}},"130":{"start":{"line":416,"column":6},"end":{"line":416,"column":18}},"131":{"start":{"line":421,"column":4},"end":{"line":424,"column":7}},"132":{"start":{"line":426,"column":4},"end":{"line":426,"column":25}},"133":{"start":{"line":427,"column":4},"end":{"line":427,"column":68}},"134":{"start":{"line":435,"column":23},"end":{"line":512,"column":1}},"135":{"start":{"line":436,"column":2},"end":{"line":511,"column":3}},"136":{"start":{"line":439,"column":51},"end":{"line":439,"column":60}},"137":{"start":{"line":440,"column":19},"end":{"line":440,"column":37}},"138":{"start":{"line":444,"column":20},"end":{"line":448,"column":5}},"139":{"start":{"line":449,"column":19},"end":{"line":449,"column":21}},"140":{"start":{"line":450,"column":23},"end":{"line":450,"column":25}},"141":{"start":{"line":454,"column":4},"end":{"line":457,"column":5}},"142":{"start":{"line":455,"column":6},"end":{"line":455,"column":40}},"143":{"start":{"line":456,"column":6},"end":{"line":456,"column":24}},"144":{"start":{"line":459,"column":4},"end":{"line":463,"column":5}},"145":{"start":{"line":460,"column":6},"end":{"line":460,"column":108}},"146":{"start":{"line":461,"column":25},"end":{"line":461,"column":38}},"147":{"start":{"line":462,"column":6},"end":{"line":462,"column":66}},"148":{"start":{"line":465,"column":4},"end":{"line":465,"column":30}},"149":{"start":{"line":469,"column":26},"end":{"line":469,"column":92}},"150":{"start":{"line":470,"column":18},"end":{"line":470,"column":38}},"151":{"start":{"line":474,"column":22},"end":{"line":483,"column":5}},"152":{"start":{"line":487,"column":23},"end":{"line":487,"column":96}},"153":{"start":{"line":491,"column":20},"end":{"line":491,"column":46}},"154":{"start":{"line":492,"column":33},"end":{"line":500,"column":6}},"155":{"start":{"line":493,"column":6},"end":{"line":495,"column":7}},"156":{"start":{"line":494,"column":8},"end":{"line":494,"column":94}},"157":{"start":{"line":496,"column":6},"end":{"line":498,"column":7}},"158":{"start":{"line":497,"column":8},"end":{"line":497,"column":80}},"159":{"start":{"line":499,"column":6},"end":{"line":499,"column":21}},"160":{"start":{"line":504,"column":4},"end":{"line":507,"column":7}},"161":{"start":{"line":509,"column":4},"end":{"line":509,"column":25}},"162":{"start":{"line":510,"column":4},"end":{"line":510,"column":68}},"163":{"start":{"line":518,"column":23},"end":{"line":586,"column":1}},"164":{"start":{"line":519,"column":2},"end":{"line":585,"column":3}},"165":{"start":{"line":525,"column":25},"end":{"line":525,"column":33}},"166":{"start":{"line":529,"column":4},"end":{"line":536,"column":5}},"167":{"start":{"line":532,"column":6},"end":{"line":535,"column":9}},"168":{"start":{"line":540,"column":19},"end":{"line":540,"column":38}},"169":{"start":{"line":544,"column":45},"end":{"line":544,"column":53}},"170":{"start":{"line":548,"column":20},"end":{"line":550,"column":6}},"171":{"start":{"line":552,"column":4},"end":{"line":554,"column":5}},"172":{"start":{"line":553,"column":6},"end":{"line":553,"column":72}},"173":{"start":{"line":556,"column":17},"end":{"line":556,"column":25}},"174":{"start":{"line":560,"column":20},"end":{"line":560,"column":72}},"175":{"start":{"line":561,"column":4},"end":{"line":565,"column":5}},"176":{"start":{"line":562,"column":6},"end":{"line":564,"column":65}},"177":{"start":{"line":569,"column":23},"end":{"line":569,"column":25}},"178":{"start":{"line":570,"column":30},"end":{"line":570,"column":72}},"179":{"start":{"line":574,"column":4},"end":{"line":577,"column":7}},"180":{"start":{"line":581,"column":4},"end":{"line":581,"column":74}},"181":{"start":{"line":583,"column":4},"end":{"line":583,"column":65}},"182":{"start":{"line":584,"column":4},"end":{"line":584,"column":68}},"183":{"start":{"line":592,"column":26},"end":{"line":643,"column":1}},"184":{"start":{"line":593,"column":2},"end":{"line":642,"column":3}},"185":{"start":{"line":597,"column":6},"end":{"line":597,"column":14}},"186":{"start":{"line":601,"column":25},"end":{"line":601,"column":53}},"187":{"start":{"line":602,"column":4},"end":{"line":607,"column":5}},"188":{"start":{"line":603,"column":6},"end":{"line":606,"column":9}},"189":{"start":{"line":611,"column":27},"end":{"line":614,"column":5}},"190":{"start":{"line":616,"column":4},"end":{"line":619,"column":5}},"191":{"start":{"line":617,"column":6},"end":{"line":617,"column":48}},"192":{"start":{"line":618,"column":6},"end":{"line":618,"column":78}},"193":{"start":{"line":623,"column":23},"end":{"line":623,"column":25}},"194":{"start":{"line":624,"column":27},"end":{"line":624,"column":66}},"195":{"start":{"line":628,"column":21},"end":{"line":631,"column":5}},"196":{"start":{"line":635,"column":4},"end":{"line":638,"column":7}},"197":{"start":{"line":640,"column":4},"end":{"line":640,"column":37}},"198":{"start":{"line":641,"column":4},"end":{"line":641,"column":68}},"199":{"start":{"line":649,"column":19},"end":{"line":736,"column":1}},"200":{"start":{"line":650,"column":2},"end":{"line":735,"column":3}},"201":{"start":{"line":653,"column":19},"end":{"line":653,"column":29}},"202":{"start":{"line":657,"column":45},"end":{"line":657,"column":53}},"203":{"start":{"line":661,"column":4},"end":{"line":665,"column":5}},"204":{"start":{"line":662,"column":6},"end":{"line":664,"column":9}},"205":{"start":{"line":669,"column":4},"end":{"line":673,"column":5}},"206":{"start":{"line":670,"column":6},"end":{"line":672,"column":9}},"207":{"start":{"line":675,"column":4},"end":{"line":679,"column":5}},"208":{"start":{"line":676,"column":6},"end":{"line":678,"column":9}},"209":{"start":{"line":683,"column":21},"end":{"line":686,"column":5}},"210":{"start":{"line":690,"column":4},"end":{"line":694,"column":5}},"211":{"start":{"line":691,"column":6},"end":{"line":693,"column":9}},"212":{"start":{"line":698,"column":26},"end":{"line":714,"column":5}},"213":{"start":{"line":718,"column":4},"end":{"line":722,"column":5}},"214":{"start":{"line":719,"column":6},"end":{"line":721,"column":9}},"215":{"start":{"line":726,"column":4},"end":{"line":729,"column":7}},"216":{"start":{"line":731,"column":4},"end":{"line":731,"column":59}},"217":{"start":{"line":732,"column":4},"end":{"line":734,"column":7}},"218":{"start":{"line":738,"column":0},"end":{"line":751,"column":2}}},"fnMap":{"0":{"name":"(anonymous_0)","decl":{"start":{"line":10,"column":21},"end":{"line":10,"column":22}},"loc":{"start":{"line":10,"column":41},"end":{"line":60,"column":1}},"line":10},"1":{"name":"(anonymous_1)","decl":{"start":{"line":66,"column":18},"end":{"line":66,"column":19}},"loc":{"start":{"line":66,"column":38},"end":{"line":116,"column":1}},"line":66},"2":{"name":"(anonymous_2)","decl":{"start":{"line":122,"column":19},"end":{"line":122,"column":20}},"loc":{"start":{"line":122,"column":39},"end":{"line":173,"column":1}},"line":122},"3":{"name":"(anonymous_3)","decl":{"start":{"line":179,"column":22},"end":{"line":179,"column":23}},"loc":{"start":{"line":179,"column":42},"end":{"line":210,"column":1}},"line":179},"4":{"name":"(anonymous_4)","decl":{"start":{"line":216,"column":28},"end":{"line":216,"column":29}},"loc":{"start":{"line":216,"column":48},"end":{"line":242,"column":1}},"line":216},"5":{"name":"(anonymous_5)","decl":{"start":{"line":248,"column":29},"end":{"line":248,"column":30}},"loc":{"start":{"line":248,"column":49},"end":{"line":298,"column":1}},"line":248},"6":{"name":"(anonymous_6)","decl":{"start":{"line":304,"column":26},"end":{"line":304,"column":27}},"loc":{"start":{"line":304,"column":46},"end":{"line":339,"column":1}},"line":304},"7":{"name":"(anonymous_7)","decl":{"start":{"line":345,"column":20},"end":{"line":345,"column":21}},"loc":{"start":{"line":345,"column":40},"end":{"line":429,"column":1}},"line":345},"8":{"name":"(anonymous_8)","decl":{"start":{"line":409,"column":40},"end":{"line":409,"column":41}},"loc":{"start":{"line":409,"column":50},"end":{"line":417,"column":5}},"line":409},"9":{"name":"(anonymous_9)","decl":{"start":{"line":435,"column":23},"end":{"line":435,"column":24}},"loc":{"start":{"line":435,"column":43},"end":{"line":512,"column":1}},"line":435},"10":{"name":"(anonymous_10)","decl":{"start":{"line":492,"column":46},"end":{"line":492,"column":47}},"loc":{"start":{"line":492,"column":59},"end":{"line":500,"column":5}},"line":492},"11":{"name":"(anonymous_11)","decl":{"start":{"line":518,"column":23},"end":{"line":518,"column":24}},"loc":{"start":{"line":518,"column":43},"end":{"line":586,"column":1}},"line":518},"12":{"name":"(anonymous_12)","decl":{"start":{"line":592,"column":26},"end":{"line":592,"column":27}},"loc":{"start":{"line":592,"column":46},"end":{"line":643,"column":1}},"line":592},"13":{"name":"(anonymous_13)","decl":{"start":{"line":649,"column":19},"end":{"line":649,"column":20}},"loc":{"start":{"line":649,"column":39},"end":{"line":736,"column":1}},"line":649}},"branchMap":{"0":{"loc":{"start":{"line":23,"column":4},"end":{"line":27,"column":5}},"type":"if","locations":[{"start":{"line":23,"column":4},"end":{"line":27,"column":5}},{"start":{},"end":{}}],"line":23},"1":{"loc":{"start":{"line":81,"column":4},"end":{"line":84,"column":5}},"type":"if","locations":[{"start":{"line":81,"column":4},"end":{"line":84,"column":5}},{"start":{},"end":{}}],"line":81},"2":{"loc":{"start":{"line":92,"column":4},"end":{"line":95,"column":5}},"type":"if","locations":[{"start":{"line":92,"column":4},"end":{"line":95,"column":5}},{"start":{},"end":{}}],"line":92},"3":{"loc":{"start":{"line":142,"column":4},"end":{"line":145,"column":5}},"type":"if","locations":[{"start":{"line":142,"column":4},"end":{"line":145,"column":5}},{"start":{},"end":{}}],"line":142},"4":{"loc":{"start":{"line":151,"column":4},"end":{"line":164,"column":5}},"type":"if","locations":[{"start":{"line":151,"column":4},"end":{"line":164,"column":5}},{"start":{},"end":{}}],"line":151},"5":{"loc":{"start":{"line":154,"column":6},"end":{"line":158,"column":7}},"type":"if","locations":[{"start":{"line":154,"column":6},"end":{"line":158,"column":7}},{"start":{},"end":{}}],"line":154},"6":{"loc":{"start":{"line":161,"column":8},"end":{"line":161,"column":34}},"type":"binary-expr","locations":[{"start":{"line":161,"column":8},"end":{"line":161,"column":28}},{"start":{"line":161,"column":32},"end":{"line":161,"column":34}}],"line":161},"7":{"loc":{"start":{"line":198,"column":4},"end":{"line":201,"column":5}},"type":"if","locations":[{"start":{"line":198,"column":4},"end":{"line":201,"column":5}},{"start":{},"end":{}}],"line":198},"8":{"loc":{"start":{"line":228,"column":4},"end":{"line":231,"column":5}},"type":"if","locations":[{"start":{"line":228,"column":4},"end":{"line":231,"column":5}},{"start":{},"end":{}}],"line":228},"9":{"loc":{"start":{"line":252,"column":4},"end":{"line":256,"column":5}},"type":"if","locations":[{"start":{"line":252,"column":4},"end":{"line":256,"column":5}},{"start":{},"end":{}}],"line":252},"10":{"loc":{"start":{"line":278,"column":4},"end":{"line":286,"column":5}},"type":"if","locations":[{"start":{"line":278,"column":4},"end":{"line":286,"column":5}},{"start":{},"end":{}}],"line":278},"11":{"loc":{"start":{"line":316,"column":4},"end":{"line":320,"column":5}},"type":"if","locations":[{"start":{"line":316,"column":4},"end":{"line":320,"column":5}},{"start":{},"end":{}}],"line":316},"12":{"loc":{"start":{"line":328,"column":4},"end":{"line":330,"column":5}},"type":"if","locations":[{"start":{"line":328,"column":4},"end":{"line":330,"column":5}},{"start":{},"end":{}}],"line":328},"13":{"loc":{"start":{"line":349,"column":40},"end":{"line":349,"column":48}},"type":"default-arg","locations":[{"start":{"line":349,"column":47},"end":{"line":349,"column":48}}],"line":349},"14":{"loc":{"start":{"line":349,"column":50},"end":{"line":349,"column":60}},"type":"default-arg","locations":[{"start":{"line":349,"column":58},"end":{"line":349,"column":60}}],"line":349},"15":{"loc":{"start":{"line":364,"column":4},"end":{"line":368,"column":5}},"type":"if","locations":[{"start":{"line":364,"column":4},"end":{"line":368,"column":5}},{"start":{"line":366,"column":11},"end":{"line":368,"column":5}}],"line":364},"16":{"loc":{"start":{"line":366,"column":11},"end":{"line":368,"column":5}},"type":"if","locations":[{"start":{"line":366,"column":11},"end":{"line":368,"column":5}},{"start":{},"end":{}}],"line":366},"17":{"loc":{"start":{"line":370,"column":4},"end":{"line":373,"column":5}},"type":"if","locations":[{"start":{"line":370,"column":4},"end":{"line":373,"column":5}},{"start":{},"end":{}}],"line":370},"18":{"loc":{"start":{"line":375,"column":4},"end":{"line":379,"column":5}},"type":"if","locations":[{"start":{"line":375,"column":4},"end":{"line":379,"column":5}},{"start":{},"end":{}}],"line":375},"19":{"loc":{"start":{"line":408,"column":20},"end":{"line":408,"column":46}},"type":"binary-expr","locations":[{"start":{"line":408,"column":20},"end":{"line":408,"column":40}},{"start":{"line":408,"column":44},"end":{"line":408,"column":46}}],"line":408},"20":{"loc":{"start":{"line":410,"column":6},"end":{"line":412,"column":7}},"type":"if","locations":[{"start":{"line":410,"column":6},"end":{"line":412,"column":7}},{"start":{},"end":{}}],"line":410},"21":{"loc":{"start":{"line":413,"column":6},"end":{"line":415,"column":7}},"type":"if","locations":[{"start":{"line":413,"column":6},"end":{"line":415,"column":7}},{"start":{},"end":{}}],"line":413},"22":{"loc":{"start":{"line":439,"column":26},"end":{"line":439,"column":34}},"type":"default-arg","locations":[{"start":{"line":439,"column":33},"end":{"line":439,"column":34}}],"line":439},"23":{"loc":{"start":{"line":439,"column":36},"end":{"line":439,"column":46}},"type":"default-arg","locations":[{"start":{"line":439,"column":44},"end":{"line":439,"column":46}}],"line":439},"24":{"loc":{"start":{"line":454,"column":4},"end":{"line":457,"column":5}},"type":"if","locations":[{"start":{"line":454,"column":4},"end":{"line":457,"column":5}},{"start":{},"end":{}}],"line":454},"25":{"loc":{"start":{"line":459,"column":4},"end":{"line":463,"column":5}},"type":"if","locations":[{"start":{"line":459,"column":4},"end":{"line":463,"column":5}},{"start":{},"end":{}}],"line":459},"26":{"loc":{"start":{"line":491,"column":20},"end":{"line":491,"column":46}},"type":"binary-expr","locations":[{"start":{"line":491,"column":20},"end":{"line":491,"column":40}},{"start":{"line":491,"column":44},"end":{"line":491,"column":46}}],"line":491},"27":{"loc":{"start":{"line":493,"column":6},"end":{"line":495,"column":7}},"type":"if","locations":[{"start":{"line":493,"column":6},"end":{"line":495,"column":7}},{"start":{},"end":{}}],"line":493},"28":{"loc":{"start":{"line":496,"column":6},"end":{"line":498,"column":7}},"type":"if","locations":[{"start":{"line":496,"column":6},"end":{"line":498,"column":7}},{"start":{},"end":{}}],"line":496},"29":{"loc":{"start":{"line":529,"column":4},"end":{"line":536,"column":5}},"type":"if","locations":[{"start":{"line":529,"column":4},"end":{"line":536,"column":5}},{"start":{},"end":{}}],"line":529},"30":{"loc":{"start":{"line":552,"column":4},"end":{"line":554,"column":5}},"type":"if","locations":[{"start":{"line":552,"column":4},"end":{"line":554,"column":5}},{"start":{},"end":{}}],"line":552},"31":{"loc":{"start":{"line":561,"column":4},"end":{"line":565,"column":5}},"type":"if","locations":[{"start":{"line":561,"column":4},"end":{"line":565,"column":5}},{"start":{},"end":{}}],"line":561},"32":{"loc":{"start":{"line":602,"column":4},"end":{"line":607,"column":5}},"type":"if","locations":[{"start":{"line":602,"column":4},"end":{"line":607,"column":5}},{"start":{},"end":{}}],"line":602},"33":{"loc":{"start":{"line":602,"column":8},"end":{"line":602,"column":45}},"type":"binary-expr","locations":[{"start":{"line":602,"column":8},"end":{"line":602,"column":13}},{"start":{"line":602,"column":17},"end":{"line":602,"column":45}}],"line":602},"34":{"loc":{"start":{"line":616,"column":4},"end":{"line":619,"column":5}},"type":"if","locations":[{"start":{"line":616,"column":4},"end":{"line":619,"column":5}},{"start":{},"end":{}}],"line":616},"35":{"loc":{"start":{"line":661,"column":4},"end":{"line":665,"column":5}},"type":"if","locations":[{"start":{"line":661,"column":4},"end":{"line":665,"column":5}},{"start":{},"end":{}}],"line":661},"36":{"loc":{"start":{"line":661,"column":8},"end":{"line":661,"column":33}},"type":"binary-expr","locations":[{"start":{"line":661,"column":8},"end":{"line":661,"column":19}},{"start":{"line":661,"column":23},"end":{"line":661,"column":33}}],"line":661},"37":{"loc":{"start":{"line":669,"column":4},"end":{"line":673,"column":5}},"type":"if","locations":[{"start":{"line":669,"column":4},"end":{"line":673,"column":5}},{"start":{},"end":{}}],"line":669},"38":{"loc":{"start":{"line":675,"column":4},"end":{"line":679,"column":5}},"type":"if","locations":[{"start":{"line":675,"column":4},"end":{"line":679,"column":5}},{"start":{},"end":{}}],"line":675},"39":{"loc":{"start":{"line":685,"column":44},"end":{"line":685,"column":57}},"type":"binary-expr","locations":[{"start":{"line":685,"column":44},"end":{"line":685,"column":49}},{"start":{"line":685,"column":53},"end":{"line":685,"column":57}}],"line":685},"40":{"loc":{"start":{"line":690,"column":4},"end":{"line":694,"column":5}},"type":"if","locations":[{"start":{"line":690,"column":4},"end":{"line":694,"column":5}},{"start":{},"end":{}}],"line":690},"41":{"loc":{"start":{"line":718,"column":4},"end":{"line":722,"column":5}},"type":"if","locations":[{"start":{"line":718,"column":4},"end":{"line":722,"column":5}},{"start":{},"end":{}}],"line":718}},"s":{"0":6,"1":6,"2":6,"3":6,"4":6,"5":38,"6":38,"7":38,"8":38,"9":1,"10":37,"11":37,"12":37,"13":37,"14":37,"15":0,"16":0,"17":6,"18":28,"19":28,"20":28,"21":28,"22":1,"23":1,"24":27,"25":27,"26":27,"27":1,"28":1,"29":26,"30":26,"31":26,"32":0,"33":0,"34":6,"35":2,"36":2,"37":2,"38":2,"39":0,"40":0,"41":2,"42":2,"43":0,"44":0,"45":0,"46":0,"47":0,"48":2,"49":0,"50":0,"51":6,"52":1,"53":1,"54":1,"55":1,"56":1,"57":0,"58":0,"59":1,"60":0,"61":0,"62":6,"63":0,"64":0,"65":0,"66":0,"67":0,"68":0,"69":0,"70":0,"71":0,"72":0,"73":6,"74":0,"75":0,"76":0,"77":0,"78":0,"79":0,"80":0,"81":0,"82":0,"83":0,"84":0,"85":0,"86":0,"87":0,"88":0,"89":6,"90":0,"91":0,"92":0,"93":0,"94":0,"95":0,"96":0,"97":0,"98":0,"99":0,"100":0,"101":6,"102":0,"103":0,"104":0,"105":0,"106":0,"107":0,"108":0,"109":0,"110":0,"111":0,"112":0,"113":0,"114":0,"115":0,"116":0,"117":0,"118":0,"119":0,"120":0,"121":0,"122":0,"123":0,"124":0,"125":0,"126":0,"127":0,"128":0,"129":0,"130":0,"131":0,"132":0,"133":0,"134":6,"135":1,"136":1,"137":1,"138":1,"139":1,"140":1,"141":1,"142":0,"143":0,"144":1,"145":0,"146":0,"147":0,"148":1,"149":1,"150":1,"151":1,"152":1,"153":1,"154":1,"155":1,"156":0,"157":1,"158":0,"159":1,"160":1,"161":0,"162":0,"163":6,"164":2,"165":2,"166":2,"167":0,"168":2,"169":2,"170":2,"171":2,"172":0,"173":2,"174":2,"175":2,"176":1,"177":1,"178":1,"179":1,"180":1,"181":0,"182":0,"183":6,"184":0,"185":0,"186":0,"187":0,"188":0,"189":0,"190":0,"191":0,"192":0,"193":0,"194":0,"195":0,"196":0,"197":0,"198":0,"199":6,"200":0,"201":0,"202":0,"203":0,"204":0,"205":0,"206":0,"207":0,"208":0,"209":0,"210":0,"211":0,"212":0,"213":0,"214":0,"215":0,"216":0,"217":0,"218":6},"f":{"0":38,"1":28,"2":2,"3":1,"4":0,"5":0,"6":0,"7":0,"8":0,"9":1,"10":1,"11":2,"12":0,"13":0},"b":{"0":[1,37],"1":[1,27],"2":[1,26],"3":[0,2],"4":[0,2],"5":[0,0],"6":[0,0],"7":[0,1],"8":[0,0],"9":[0,0],"10":[0,0],"11":[0,0],"12":[0,0],"13":[0],"14":[0],"15":[0,0],"16":[0,0],"17":[0,0],"18":[0,0],"19":[0,0],"20":[0,0],"21":[0,0],"22":[1],"23":[1],"24":[0,1],"25":[0,1],"26":[1,0],"27":[0,1],"28":[0,1],"29":[0,2],"30":[0,2],"31":[1,1],"32":[0,0],"33":[0,0],"34":[0,0],"35":[0,0],"36":[0,0],"37":[0,0],"38":[0,0],"39":[0,0],"40":[0,0],"41":[0,0]},"_coverageSchema":"1a1c01bbd47fc00a2c39e90264f33305004495a9","hash":"475c7d7e673373cec758360309a8582e8e2d17e4"}
,"C:\\Users\\Work\\Desktop\\PROYECTO\\gymnomads\\backend\\src\\controllers\\visit-controller.js": {"path":"C:\\Users\\Work\\Desktop\\PROYECTO\\gymnomads\\backend\\src\\controllers\\visit-controller.js","statementMap":{"0":{"start":{"line":1,"column":11},"end":{"line":1,"column":37}},"1":{"start":{"line":8,"column":20},"end":{"line":105,"column":1}},"2":{"start":{"line":9,"column":2},"end":{"line":104,"column":3}},"3":{"start":{"line":12,"column":20},"end":{"line":12,"column":35}},"4":{"start":{"line":16,"column":23},"end":{"line":16,"column":31}},"5":{"start":{"line":20,"column":4},"end":{"line":27,"column":5}},"6":{"start":{"line":21,"column":6},"end":{"line":23,"column":8}},"7":{"start":{"line":24,"column":6},"end":{"line":26,"column":61}},"8":{"start":{"line":31,"column":4},"end":{"line":40,"column":5}},"9":{"start":{"line":32,"column":6},"end":{"line":34,"column":8}},"10":{"start":{"line":35,"column":6},"end":{"line":39,"column":11}},"11":{"start":{"line":44,"column":4},"end":{"line":62,"column":5}},"12":{"start":{"line":45,"column":36},"end":{"line":52,"column":7}},"13":{"start":{"line":54,"column":28},"end":{"line":54,"column":56}},"14":{"start":{"line":56,"column":6},"end":{"line":61,"column":7}},"15":{"start":{"line":57,"column":8},"end":{"line":57,"column":93}},"16":{"start":{"line":58,"column":8},"end":{"line":60,"column":11}},"17":{"start":{"line":69,"column":28},"end":{"line":72,"column":5}},"18":{"start":{"line":76,"column":4},"end":{"line":84,"column":5}},"19":{"start":{"line":77,"column":6},"end":{"line":79,"column":8}},"20":{"start":{"line":80,"column":6},"end":{"line":83,"column":9}},"21":{"start":{"line":90,"column":21},"end":{"line":93,"column":5}},"22":{"start":{"line":97,"column":4},"end":{"line":100,"column":7}},"23":{"start":{"line":102,"column":4},"end":{"line":102,"column":37}},"24":{"start":{"line":103,"column":4},"end":{"line":103,"column":68}},"25":{"start":{"line":111,"column":24},"end":{"line":171,"column":1}},"26":{"start":{"line":112,"column":2},"end":{"line":170,"column":3}},"27":{"start":{"line":115,"column":23},"end":{"line":115,"column":33}},"28":{"start":{"line":116,"column":37},"end":{"line":116,"column":46}},"29":{"start":{"line":117,"column":19},"end":{"line":117,"column":37}},"30":{"start":{"line":121,"column":4},"end":{"line":123,"column":5}},"31":{"start":{"line":122,"column":6},"end":{"line":122,"column":67}},"32":{"start":{"line":127,"column":22},"end":{"line":131,"column":5}},"33":{"start":{"line":132,"column":19},"end":{"line":132,"column":27}},"34":{"start":{"line":136,"column":26},"end":{"line":136,"column":97}},"35":{"start":{"line":137,"column":18},"end":{"line":137,"column":38}},"36":{"start":{"line":141,"column":22},"end":{"line":148,"column":5}},"37":{"start":{"line":149,"column":21},"end":{"line":149,"column":94}},"38":{"start":{"line":153,"column":20},"end":{"line":153,"column":46}},"39":{"start":{"line":154,"column":27},"end":{"line":159,"column":6}},"40":{"start":{"line":155,"column":6},"end":{"line":157,"column":7}},"41":{"start":{"line":156,"column":8},"end":{"line":156,"column":76}},"42":{"start":{"line":158,"column":6},"end":{"line":158,"column":19}},"43":{"start":{"line":163,"column":4},"end":{"line":166,"column":7}},"44":{"start":{"line":168,"column":4},"end":{"line":168,"column":37}},"45":{"start":{"line":169,"column":4},"end":{"line":169,"column":68}},"46":{"start":{"line":177,"column":23},"end":{"line":231,"column":1}},"47":{"start":{"line":178,"column":2},"end":{"line":230,"column":3}},"48":{"start":{"line":181,"column":22},"end":{"line":181,"column":32}},"49":{"start":{"line":182,"column":37},"end":{"line":182,"column":46}},"50":{"start":{"line":183,"column":19},"end":{"line":183,"column":37}},"51":{"start":{"line":187,"column":22},"end":{"line":191,"column":5}},"52":{"start":{"line":192,"column":19},"end":{"line":192,"column":26}},"53":{"start":{"line":196,"column":26},"end":{"line":196,"column":97}},"54":{"start":{"line":197,"column":18},"end":{"line":197,"column":38}},"55":{"start":{"line":201,"column":22},"end":{"line":208,"column":5}},"56":{"start":{"line":209,"column":21},"end":{"line":209,"column":94}},"57":{"start":{"line":213,"column":20},"end":{"line":213,"column":46}},"58":{"start":{"line":214,"column":27},"end":{"line":219,"column":6}},"59":{"start":{"line":215,"column":6},"end":{"line":217,"column":7}},"60":{"start":{"line":216,"column":8},"end":{"line":216,"column":90}},"61":{"start":{"line":218,"column":6},"end":{"line":218,"column":19}},"62":{"start":{"line":223,"column":4},"end":{"line":226,"column":7}},"63":{"start":{"line":228,"column":4},"end":{"line":228,"column":37}},"64":{"start":{"line":229,"column":4},"end":{"line":229,"column":68}},"65":{"start":{"line":237,"column":20},"end":{"line":301,"column":1}},"66":{"start":{"line":238,"column":2},"end":{"line":300,"column":3}},"67":{"start":{"line":241,"column":19},"end":{"line":241,"column":34}},"68":{"start":{"line":242,"column":47},"end":{"line":242,"column":56}},"69":{"start":{"line":243,"column":19},"end":{"line":243,"column":37}},"70":{"start":{"line":247,"column":20},"end":{"line":251,"column":5}},"71":{"start":{"line":252,"column":19},"end":{"line":252,"column":27}},"72":{"start":{"line":253,"column":23},"end":{"line":253,"column":25}},"73":{"start":{"line":257,"column":4},"end":{"line":260,"column":5}},"74":{"start":{"line":258,"column":6},"end":{"line":258,"column":43}},"75":{"start":{"line":259,"column":6},"end":{"line":259,"column":35}},"76":{"start":{"line":261,"column":4},"end":{"line":261,"column":30}},"77":{"start":{"line":265,"column":26},"end":{"line":265,"column":92}},"78":{"start":{"line":266,"column":18},"end":{"line":266,"column":38}},"79":{"start":{"line":270,"column":22},"end":{"line":278,"column":5}},"80":{"start":{"line":279,"column":21},"end":{"line":279,"column":94}},"81":{"start":{"line":283,"column":20},"end":{"line":283,"column":46}},"82":{"start":{"line":284,"column":27},"end":{"line":289,"column":6}},"83":{"start":{"line":285,"column":6},"end":{"line":287,"column":7}},"84":{"start":{"line":286,"column":8},"end":{"line":286,"column":84}},"85":{"start":{"line":288,"column":6},"end":{"line":288,"column":19}},"86":{"start":{"line":293,"column":4},"end":{"line":296,"column":7}},"87":{"start":{"line":298,"column":4},"end":{"line":298,"column":58}},"88":{"start":{"line":299,"column":4},"end":{"line":299,"column":68}},"89":{"start":{"line":307,"column":21},"end":{"line":386,"column":1}},"90":{"start":{"line":308,"column":2},"end":{"line":385,"column":3}},"91":{"start":{"line":309,"column":19},"end":{"line":309,"column":29}},"92":{"start":{"line":310,"column":19},"end":{"line":310,"column":34}},"93":{"start":{"line":311,"column":21},"end":{"line":311,"column":34}},"94":{"start":{"line":315,"column":18},"end":{"line":330,"column":5}},"95":{"start":{"line":332,"column":21},"end":{"line":332,"column":48}},"96":{"start":{"line":334,"column":4},"end":{"line":336,"column":5}},"97":{"start":{"line":335,"column":6},"end":{"line":335,"column":71}},"98":{"start":{"line":338,"column":18},"end":{"line":338,"column":27}},"99":{"start":{"line":345,"column":20},"end":{"line":345,"column":25}},"100":{"start":{"line":347,"column":4},"end":{"line":365,"column":5}},"101":{"start":{"line":348,"column":6},"end":{"line":348,"column":23}},"102":{"start":{"line":349,"column":11},"end":{"line":365,"column":5}},"103":{"start":{"line":350,"column":6},"end":{"line":352,"column":7}},"104":{"start":{"line":351,"column":8},"end":{"line":351,"column":25}},"105":{"start":{"line":353,"column":11},"end":{"line":365,"column":5}},"106":{"start":{"line":355,"column":6},"end":{"line":364,"column":7}},"107":{"start":{"line":356,"column":8},"end":{"line":356,"column":25}},"108":{"start":{"line":360,"column":29},"end":{"line":360,"column":106}},"109":{"start":{"line":361,"column":8},"end":{"line":363,"column":9}},"110":{"start":{"line":362,"column":10},"end":{"line":362,"column":27}},"111":{"start":{"line":367,"column":4},"end":{"line":369,"column":5}},"112":{"start":{"line":368,"column":6},"end":{"line":368,"column":90}},"113":{"start":{"line":372,"column":22},"end":{"line":378,"column":5}},"114":{"start":{"line":380,"column":4},"end":{"line":380,"column":36}},"115":{"start":{"line":383,"column":4},"end":{"line":383,"column":56}},"116":{"start":{"line":384,"column":4},"end":{"line":384,"column":68}},"117":{"start":{"line":392,"column":21},"end":{"line":487,"column":1}},"118":{"start":{"line":393,"column":2},"end":{"line":486,"column":3}},"119":{"start":{"line":396,"column":4},"end":{"line":400,"column":5}},"120":{"start":{"line":397,"column":6},"end":{"line":399,"column":70}},"121":{"start":{"line":404,"column":70},"end":{"line":404,"column":79}},"122":{"start":{"line":405,"column":19},"end":{"line":405,"column":37}},"123":{"start":{"line":409,"column":20},"end":{"line":415,"column":5}},"124":{"start":{"line":416,"column":19},"end":{"line":416,"column":21}},"125":{"start":{"line":417,"column":23},"end":{"line":417,"column":25}},"126":{"start":{"line":421,"column":4},"end":{"line":425,"column":5}},"127":{"start":{"line":422,"column":6},"end":{"line":422,"column":46}},"128":{"start":{"line":423,"column":11},"end":{"line":425,"column":5}},"129":{"start":{"line":424,"column":6},"end":{"line":424,"column":46}},"130":{"start":{"line":427,"column":4},"end":{"line":430,"column":5}},"131":{"start":{"line":428,"column":6},"end":{"line":428,"column":47}},"132":{"start":{"line":429,"column":6},"end":{"line":429,"column":26}},"133":{"start":{"line":432,"column":4},"end":{"line":436,"column":5}},"134":{"start":{"line":433,"column":6},"end":{"line":433,"column":95}},"135":{"start":{"line":434,"column":28},"end":{"line":434,"column":46}},"136":{"start":{"line":435,"column":6},"end":{"line":435,"column":48}},"137":{"start":{"line":438,"column":4},"end":{"line":438,"column":30}},"138":{"start":{"line":442,"column":26},"end":{"line":442,"column":97}},"139":{"start":{"line":443,"column":18},"end":{"line":443,"column":38}},"140":{"start":{"line":447,"column":22},"end":{"line":458,"column":5}},"141":{"start":{"line":459,"column":21},"end":{"line":459,"column":94}},"142":{"start":{"line":463,"column":20},"end":{"line":463,"column":46}},"143":{"start":{"line":464,"column":27},"end":{"line":475,"column":6}},"144":{"start":{"line":465,"column":6},"end":{"line":467,"column":7}},"145":{"start":{"line":466,"column":8},"end":{"line":466,"column":100}},"146":{"start":{"line":468,"column":6},"end":{"line":470,"column":7}},"147":{"start":{"line":469,"column":8},"end":{"line":469,"column":84}},"148":{"start":{"line":471,"column":6},"end":{"line":473,"column":7}},"149":{"start":{"line":472,"column":8},"end":{"line":472,"column":98}},"150":{"start":{"line":474,"column":6},"end":{"line":474,"column":19}},"151":{"start":{"line":479,"column":4},"end":{"line":482,"column":7}},"152":{"start":{"line":484,"column":4},"end":{"line":484,"column":54}},"153":{"start":{"line":485,"column":4},"end":{"line":485,"column":68}},"154":{"start":{"line":493,"column":28},"end":{"line":572,"column":1}},"155":{"start":{"line":494,"column":2},"end":{"line":571,"column":3}},"156":{"start":{"line":497,"column":4},"end":{"line":501,"column":5}},"157":{"start":{"line":498,"column":6},"end":{"line":500,"column":81}},"158":{"start":{"line":502,"column":18},"end":{"line":502,"column":38}},"159":{"start":{"line":506,"column":50},"end":{"line":506,"column":59}},"160":{"start":{"line":507,"column":19},"end":{"line":507,"column":37}},"161":{"start":{"line":511,"column":20},"end":{"line":516,"column":5}},"162":{"start":{"line":517,"column":19},"end":{"line":517,"column":26}},"163":{"start":{"line":518,"column":23},"end":{"line":518,"column":25}},"164":{"start":{"line":522,"column":4},"end":{"line":526,"column":5}},"165":{"start":{"line":523,"column":6},"end":{"line":523,"column":95}},"166":{"start":{"line":524,"column":28},"end":{"line":524,"column":46}},"167":{"start":{"line":525,"column":6},"end":{"line":525,"column":48}},"168":{"start":{"line":527,"column":4},"end":{"line":527,"column":30}},"169":{"start":{"line":531,"column":26},"end":{"line":531,"column":97}},"170":{"start":{"line":532,"column":18},"end":{"line":532,"column":38}},"171":{"start":{"line":536,"column":22},"end":{"line":546,"column":5}},"172":{"start":{"line":547,"column":21},"end":{"line":547,"column":94}},"173":{"start":{"line":551,"column":20},"end":{"line":551,"column":46}},"174":{"start":{"line":552,"column":27},"end":{"line":560,"column":6}},"175":{"start":{"line":553,"column":6},"end":{"line":555,"column":7}},"176":{"start":{"line":554,"column":8},"end":{"line":554,"column":100}},"177":{"start":{"line":556,"column":6},"end":{"line":558,"column":7}},"178":{"start":{"line":557,"column":8},"end":{"line":557,"column":98}},"179":{"start":{"line":559,"column":6},"end":{"line":559,"column":19}},"180":{"start":{"line":564,"column":4},"end":{"line":567,"column":7}},"181":{"start":{"line":569,"column":4},"end":{"line":569,"column":67}},"182":{"start":{"line":570,"column":4},"end":{"line":570,"column":68}},"183":{"start":{"line":578,"column":33},"end":{"line":657,"column":1}},"184":{"start":{"line":579,"column":2},"end":{"line":656,"column":3}},"185":{"start":{"line":582,"column":4},"end":{"line":586,"column":5}},"186":{"start":{"line":583,"column":6},"end":{"line":585,"column":81}},"187":{"start":{"line":587,"column":25},"end":{"line":587,"column":45}},"188":{"start":{"line":591,"column":50},"end":{"line":591,"column":59}},"189":{"start":{"line":592,"column":19},"end":{"line":592,"column":37}},"190":{"start":{"line":596,"column":20},"end":{"line":601,"column":5}},"191":{"start":{"line":602,"column":19},"end":{"line":602,"column":47}},"192":{"start":{"line":603,"column":23},"end":{"line":603,"column":25}},"193":{"start":{"line":607,"column":4},"end":{"line":611,"column":5}},"194":{"start":{"line":608,"column":6},"end":{"line":608,"column":95}},"195":{"start":{"line":609,"column":28},"end":{"line":609,"column":46}},"196":{"start":{"line":610,"column":6},"end":{"line":610,"column":48}},"197":{"start":{"line":612,"column":4},"end":{"line":612,"column":30}},"198":{"start":{"line":616,"column":26},"end":{"line":616,"column":92}},"199":{"start":{"line":617,"column":18},"end":{"line":617,"column":38}},"200":{"start":{"line":621,"column":22},"end":{"line":631,"column":5}},"201":{"start":{"line":632,"column":21},"end":{"line":632,"column":94}},"202":{"start":{"line":636,"column":20},"end":{"line":636,"column":46}},"203":{"start":{"line":637,"column":27},"end":{"line":645,"column":6}},"204":{"start":{"line":638,"column":6},"end":{"line":640,"column":7}},"205":{"start":{"line":639,"column":8},"end":{"line":639,"column":100}},"206":{"start":{"line":641,"column":6},"end":{"line":643,"column":7}},"207":{"start":{"line":642,"column":8},"end":{"line":642,"column":108}},"208":{"start":{"line":644,"column":6},"end":{"line":644,"column":19}},"209":{"start":{"line":649,"column":4},"end":{"line":652,"column":7}},"210":{"start":{"line":654,"column":4},"end":{"line":654,"column":77}},"211":{"start":{"line":655,"column":4},"end":{"line":655,"column":68}},"212":{"start":{"line":663,"column":23},"end":{"line":724,"column":1}},"213":{"start":{"line":664,"column":2},"end":{"line":723,"column":3}},"214":{"start":{"line":667,"column":42},"end":{"line":667,"column":50}},"215":{"start":{"line":669,"column":21},"end":{"line":669,"column":23}},"216":{"start":{"line":670,"column":21},"end":{"line":670,"column":23}},"217":{"start":{"line":671,"column":21},"end":{"line":671,"column":23}},"218":{"start":{"line":672,"column":17},"end":{"line":672,"column":19}},"219":{"start":{"line":676,"column":4},"end":{"line":719,"column":5}},"220":{"start":{"line":679,"column":28},"end":{"line":679,"column":83}},"221":{"start":{"line":680,"column":28},"end":{"line":680,"column":169}},"222":{"start":{"line":681,"column":28},"end":{"line":681,"column":118}},"223":{"start":{"line":683,"column":6},"end":{"line":687,"column":9}},"224":{"start":{"line":688,"column":11},"end":{"line":719,"column":5}},"225":{"start":{"line":691,"column":36},"end":{"line":691,"column":131}},"226":{"start":{"line":692,"column":36},"end":{"line":692,"column":215}},"227":{"start":{"line":693,"column":36},"end":{"line":693,"column":164}},"228":{"start":{"line":695,"column":32},"end":{"line":695,"column":198}},"229":{"start":{"line":696,"column":32},"end":{"line":696,"column":286}},"230":{"start":{"line":697,"column":32},"end":{"line":697,"column":233}},"231":{"start":{"line":699,"column":6},"end":{"line":706,"column":9}},"232":{"start":{"line":710,"column":28},"end":{"line":710,"column":111}},"233":{"start":{"line":711,"column":28},"end":{"line":711,"column":195}},"234":{"start":{"line":712,"column":28},"end":{"line":712,"column":144}},"235":{"start":{"line":714,"column":6},"end":{"line":718,"column":9}},"236":{"start":{"line":721,"column":4},"end":{"line":721,"column":72}},"237":{"start":{"line":722,"column":4},"end":{"line":722,"column":68}},"238":{"start":{"line":726,"column":0},"end":{"line":736,"column":2}}},"fnMap":{"0":{"name":"(anonymous_0)","decl":{"start":{"line":8,"column":20},"end":{"line":8,"column":21}},"loc":{"start":{"line":8,"column":40},"end":{"line":105,"column":1}},"line":8},"1":{"name":"(anonymous_1)","decl":{"start":{"line":111,"column":24},"end":{"line":111,"column":25}},"loc":{"start":{"line":111,"column":44},"end":{"line":171,"column":1}},"line":111},"2":{"name":"(anonymous_2)","decl":{"start":{"line":154,"column":38},"end":{"line":154,"column":39}},"loc":{"start":{"line":154,"column":49},"end":{"line":159,"column":5}},"line":154},"3":{"name":"(anonymous_3)","decl":{"start":{"line":177,"column":23},"end":{"line":177,"column":24}},"loc":{"start":{"line":177,"column":43},"end":{"line":231,"column":1}},"line":177},"4":{"name":"(anonymous_4)","decl":{"start":{"line":214,"column":38},"end":{"line":214,"column":39}},"loc":{"start":{"line":214,"column":49},"end":{"line":219,"column":5}},"line":214},"5":{"name":"(anonymous_5)","decl":{"start":{"line":237,"column":20},"end":{"line":237,"column":21}},"loc":{"start":{"line":237,"column":40},"end":{"line":301,"column":1}},"line":237},"6":{"name":"(anonymous_6)","decl":{"start":{"line":284,"column":38},"end":{"line":284,"column":39}},"loc":{"start":{"line":284,"column":49},"end":{"line":289,"column":5}},"line":284},"7":{"name":"(anonymous_7)","decl":{"start":{"line":307,"column":21},"end":{"line":307,"column":22}},"loc":{"start":{"line":307,"column":41},"end":{"line":386,"column":1}},"line":307},"8":{"name":"(anonymous_8)","decl":{"start":{"line":3
[...]
,"C:\\Users\\Work\\Desktop\\PROYECTO\\gymnomads\\backend\\src\\middleware\\auth-middleware.js": {"path":"C:\\Users\\Work\\Desktop\\PROYECTO\\gymnomads\\backend\\src\\middleware\\auth-middleware.js","statementMap":{"0":{"start":{"line":1,"column":12},"end":{"line":1,"column":35}},"1":{"start":{"line":3,"column":23},"end":{"line":47,"column":1}},"2":{"start":{"line":4,"column":2},"end":{"line":46,"column":3}},"3":{"start":{"line":9,"column":23},"end":{"line":9,"column":50}},"4":{"start":{"line":11,"column":4},"end":{"line":14,"column":5}},"5":{"start":{"line":12,"column":6},"end":{"line":12,"column":68}},"6":{"start":{"line":13,"column":6},"end":{"line":13,"column":64}},"7":{"start":{"line":19,"column":17},"end":{"line":19,"column":41}},"8":{"start":{"line":21,"column":4},"end":{"line":24,"column":5}},"9":{"start":{"line":22,"column":6},"end":{"line":22,"column":73}},"10":{"start":{"line":23,"column":6},"end":{"line":23,"column":64}},"11":{"start":{"line":28,"column":20},"end":{"line":28,"column":61}},"12":{"start":{"line":33,"column":4},"end":{"line":33,"column":23}},"13":{"start":{"line":38,"column":4},"end":{"line":38,"column":11}},"14":{"start":{"line":41,"column":6},"end":{"line":41,"column":69}},"15":{"start":{"line":43,"column":6},"end":{"line":43,"column":54}},"16":{"start":{"line":50,"column":0},"end":{"line":50,"column":30}}},"fnMap":{"0":{"name":"(anonymous_0)","decl":{"start":{"line":3,"column":23},"end":{"line":3,"column":24}},"loc":{"start":{"line":3,"column":49},"end":{"line":47,"column":1}},"line":3}},"branchMap":{"0":{"loc":{"start":{"line":11,"column":4},"end":{"line":14,"column":5}},"type":"if","locations":[{"start":{"line":11,"column":4},"end":{"line":14,"column":5}},{"start":{},"end":{}}],"line":11},"1":{"loc":{"start":{"line":21,"column":4},"end":{"line":24,"column":5}},"type":"if","locations":[{"start":{"line":21,"column":4},"end":{"line":24,"column":5}},{"start":{},"end":{}}],"line":21}},"s":{"0":6,"1":6,"2":17,"3":17,"4":17,"5":1,"6":1,"7":16,"8":16,"9":0,"10":0,"11":16,"12":16,"13":16,"14":0,"15":0,"16":6},"f":{"0":17},"b":{"0":[1,16],"1":[0,16]},"_coverageSchema":"1a1c01bbd47fc00a2c39e90264f33305004495a9","hash":"060c801446fe5dfb84a481c34a320c0dab4d6a68"}
,"C:\\Users\\Work\\Desktop\\PROYECTO\\gymnomads\\backend\\src\\middleware\\manager-middleware.js": {"path":"C:\\Users\\Work\\Desktop\\PROYECTO\\gymnomads\\backend\\src\\middleware\\manager-middleware.js","statementMap":{"0":{"start":{"line":4,"column":26},"end":{"line":28,"column":1}},"1":{"start":{"line":5,"column":2},"end":{"line":27,"column":3}},"2":{"start":{"line":6,"column":21},"end":{"line":6,"column":34}},"3":{"start":{"line":7,"column":22},"end":{"line":7,"column":42}},"4":{"start":{"line":8,"column":24},"end":{"line":8,"column":51}},"5":{"start":{"line":12,"column":4},"end":{"line":14,"column":5}},"6":{"start":{"line":13,"column":6},"end":{"line":13,"column":20}},"7":{"start":{"line":18,"column":4},"end":{"line":18,"column":43}},"8":{"start":{"line":19,"column":4},"end":{"line":21,"column":7}},"9":{"start":{"line":23,"column":4},"end":{"line":23,"column":37}},"10":{"start":{"line":24,"column":4},"end":{"line":26,"column":80}},"11":{"start":{"line":30,"column":0},"end":{"line":30,"column":35}}},"fnMap":{"0":{"name":"(anonymous_0)","decl":{"start":{"line":4,"column":26},"end":{"line":4,"column":27}},"loc":{"start":{"line":4,"column":46},"end":{"line":28,"column":1}},"line":4}},"branchMap":{"0":{"loc":{"start":{"line":12,"column":4},"end":{"line":14,"column":5}},"type":"if","locations":[{"start":{"line":12,"column":4},"end":{"line":14,"column":5}},{"start":{},"end":{}}],"line":12},"1":{"loc":{"start":{"line":12,"column":8},"end":{"line":12,"column":59}},"type":"binary-expr","locations":[{"start":{"line":12,"column":8},"end":{"line":12,"column":30}},{"start":{"line":12,"column":34},"end":{"line":12,"column":59}}],"line":12}},"s":{"0":6,"1":0,"2":0,"3":0,"4":0,"5":0,"6":0,"7":0,"8":0,"9":0,"10":0,"11":6},"f":{"0":0},"b":{"0":[0,0],"1":[0,0]},"_coverageSchema":"1a1c01bbd47fc00a2c39e90264f33305004495a9","hash":"b46ae622be54474f48aed22627a1f3f0b7b22dcc"}
,"C:\\Users\\Work\\Desktop\\PROYECTO\\gymnomads\\backend\\src\\middleware\\upload-middleware.js": {"path":"C:\\Users\\Work\\Desktop\\PROYECTO\\gymnomads\\backend\\src\\middleware\\upload-middleware.js","statementMap":{"0":{"start":{"line":1,"column":15},"end":{"line":1,"column":32}},"1":{"start":{"line":2,"column":13},"end":{"line":2,"column":28}},"2":{"start":{"line":3,"column":11},"end":{"line":3,"column":24}},"3":{"start":{"line":7,"column":28},"end":{"line":28,"column":1}},"4":{"start":{"line":8,"column":2},"end":{"line":27,"column":4}},"5":{"start":{"line":9,"column":19},"end":{"line":9,"column":45}},"6":{"start":{"line":11,"column":4},"end":{"line":26,"column":7}},"7":{"start":{"line":12,"column":6},"end":{"line":22,"column":7}},"8":{"start":{"line":15,"column":8},"end":{"line":17,"column":64}},"9":{"start":{"line":18,"column":13},"end":{"line":22,"column":7}},"10":{"start":{"line":21,"column":8},"end":{"line":21,"column":62}},"11":{"start":{"line":25,"column":6},"end":{"line":25,"column":13}},"12":{"start":{"line":35,"column":25},"end":{"line":54,"column":2}},"13":{"start":{"line":39,"column":23},"end":{"line":39,"column":77}},"14":{"start":{"line":40,"column":23},"end":{"line":40,"column":47}},"15":{"start":{"line":43,"column":4},"end":{"line":43,"column":50}},"16":{"start":{"line":44,"column":4},"end":{"line":44,"column":25}},"17":{"start":{"line":49,"column":25},"end":{"line":51,"column":7}},"18":{"start":{"line":52,"column":4},"end":{"line":52,"column":27}},"19":{"start":{"line":58,"column":24},"end":{"line":64,"column":1}},"20":{"start":{"line":59,"column":2},"end":{"line":63,"column":3}},"21":{"start":{"line":60,"column":4},"end":{"line":60,"column":19}},"22":{"start":{"line":62,"column":4},"end":{"line":62,"column":77}},"23":{"start":{"line":68,"column":26},"end":{"line":75,"column":2}},"24":{"start":{"line":79,"column":30},"end":{"line":97,"column":1}},"25":{"start":{"line":80,"column":2},"end":{"line":96,"column":5}},"26":{"start":{"line":82,"column":4},"end":{"line":92,"column":5}},"27":{"start":{"line":85,"column":6},"end":{"line":87,"column":71}},"28":{"start":{"line":88,"column":11},"end":{"line":92,"column":5}},"29":{"start":{"line":91,"column":6},"end":{"line":91,"column":60}},"30":{"start":{"line":95,"column":4},"end":{"line":95,"column":11}},"31":{"start":{"line":99,"column":0},"end":{"line":102,"column":2}}},"fnMap":{"0":{"name":"(anonymous_0)","decl":{"start":{"line":7,"column":28},"end":{"line":7,"column":29}},"loc":{"start":{"line":7,"column":53},"end":{"line":28,"column":1}},"line":7},"1":{"name":"(anonymous_1)","decl":{"start":{"line":8,"column":9},"end":{"line":8,"column":10}},"loc":{"start":{"line":8,"column":29},"end":{"line":27,"column":3}},"line":8},"2":{"name":"(anonymous_2)","decl":{"start":{"line":11,"column":21},"end":{"line":11,"column":22}},"loc":{"start":{"line":11,"column":36},"end":{"line":26,"column":5}},"line":11},"3":{"name":"(anonymous_3)","decl":{"start":{"line":36,"column":15},"end":{"line":36,"column":16}},"loc":{"start":{"line":36,"column":34},"end":{"line":45,"column":3}},"line":36},"4":{"name":"(anonymous_4)","decl":{"start":{"line":46,"column":12},"end":{"line":46,"column":13}},"loc":{"start":{"line":46,"column":31},"end":{"line":53,"column":3}},"line":46},"5":{"name":"(anonymous_5)","decl":{"start":{"line":58,"column":24},"end":{"line":58,"column":25}},"loc":{"start":{"line":58,"column":43},"end":{"line":64,"column":1}},"line":58},"6":{"name":"(anonymous_6)","decl":{"start":{"line":79,"column":30},"end":{"line":79,"column":31}},"loc":{"start":{"line":79,"column":50},"end":{"line":97,"column":1}},"line":79},"7":{"name":"(anonymous_7)","decl":{"start":{"line":80,"column":30},"end":{"line":80,"column":31}},"loc":{"start":{"line":80,"column":45},"end":{"line":96,"column":3}},"line":80}},"branchMap":{"0":{"loc":{"start":{"line":12,"column":6},"end":{"line":22,"column":7}},"type":"if","locations":[{"start":{"line":12,"column":6},"end":{"line":22,"column":7}},{"start":{"line":18,"column":13},"end":{"line":22,"column":7}}],"line":12},"1":{"loc":{"start":{"line":18,"column":13},"end":{"line":22,"column":7}},"type":"if","locations":[{"start":{"line":18,"column":13},"end":{"line":22,"column":7}},{"start":{},"end":{}}],"line":18},"2":{"loc":{"start":{"line":39,"column":23},"end":{"line":39,"column":77}},"type":"cond-expr","locations":[{"start":{"line":39,"column":51},"end":{"line":39,"column":62}},{"start":{"line":39,"column":65},"end":{"line":39,"column":77}}],"line":39},"3":{"loc":{"start":{"line":59,"column":2},"end":{"line":63,"column":3}},"type":"if","locations":[{"start":{"line":59,"column":2},"end":{"line":63,"column":3}},{"start":{"line":61,"column":9},"end":{"line":63,"column":3}}],"line":59},"4":{"loc":{"start":{"line":82,"column":4},"end":{"line":92,"column":5}},"type":"if","locations":[{"start":{"line":82,"column":4},"end":{"line":92,"column":5}},{"start":{"line":88,"column":11},"end":{"line":92,"column":5}}],"line":82},"5":{"loc":{"start":{"line":88,"column":11},"end":{"line":92,"column":5}},"type":"if","locations":[{"start":{"line":88,"column":11},"end":{"line":92,"column":5}},{"start":{},"end":{}}],"line":88}},"s":{"0":6,"1":6,"2":6,"3":6,"4":18,"5":0,"6":0,"7":0,"8":0,"9":0,"10":0,"11":0,"12":6,"13":0,"14":0,"15":0,"16":0,"17":0,"18":0,"19":6,"20":0,"21":0,"22":0,"23":6,"24":6,"25":1,"26":1,"27":0,"28":1,"29":0,"30":1,"31":6},"f":{"0":18,"1":0,"2":0,"3":0,"4":0,"5":0,"6":1,"7":1},"b":{"0":[0,0],"1":[0,0],"2":[0,0],"3":[0,0],"4":[0,1],"5":[0,1]},"_coverageSchema":"1a1c01bbd47fc00a2c39e90264f33305004495a9","hash":"7b6d3f4a2726b81819f710806607ae90371d6f13"}
,"C:\\Users\\Work\\Desktop\\PROYECTO\\gymnomads\\backend\\src\\routes\\gym-routes.js": {"path":"C:\\Users\\Work\\Desktop\\PROYECTO\\gymnomads\\backend\\src\\routes\\gym-routes.js","statementMap":{"0":{"start":{"line":2,"column":19},"end":{"line":2,"column":37}},"1":{"start":{"line":13,"column":4},"end":{"line":13,"column":44}},"2":{"start":{"line":17,"column":23},"end":{"line":17,"column":63}},"3":{"start":{"line":18,"column":24},"end":{"line":18,"column":65}},"4":{"start":{"line":19,"column":26},"end":{"line":19,"column":69}},"5":{"start":{"line":20,"column":33},"end":{"line":20,"column":85}},"6":{"start":{"line":24,"column":23},"end":{"line":24,"column":56}},"7":{"start":{"line":28,"column":4},"end":{"line":28,"column":46}},"8":{"start":{"line":32,"column":21},"end":{"line":32,"column":48}},"9":{"start":{"line":33,"column":26},"end":{"line":33,"column":54}},"10":{"start":{"line":37,"column":15},"end":{"line":37,"column":23}},"11":{"start":{"line":47,"column":0},"end":{"line":47,"column":28}},"12":{"start":{"line":50,"column":0},"end":{"line":50,"column":31}},"13":{"start":{"line":58,"column":0},"end":{"line":64,"column":2}},"14":{"start":{"line":67,"column":0},"end":{"line":72,"column":2}},"15":{"start":{"line":75,"column":0},"end":{"line":80,"column":2}},"16":{"start":{"line":84,"column":0},"end":{"line":89,"column":2}},"17":{"start":{"line":98,"column":0},"end":{"line":103,"column":2}},"18":{"start":{"line":111,"column":0},"end":{"line":117,"column":2}},"19":{"start":{"line":120,"column":0},"end":{"line":126,"column":2}},"20":{"start":{"line":128,"column":0},"end":{"line":128,"column":24}}},"fnMap":{},"branchMap":{},"s":{"0":6,"1":6,"2":6,"3":6,"4":6,"5":6,"6":6,"7":6,"8":6,"9":6,"10":6,"11":6,"12":6,"13":6,"14":6,"15":6,"16":6,"17":6,"18":6,"19":6,"20":6},"f":{},"b":{},"_coverageSchema":"1a1c01bbd47fc00a2c39e90264f33305004495a9","hash":"b56435f29a836ba3333fe0ee5c16d5d82f6debed"}
,"C:\\Users\\Work\\Desktop\\PROYECTO\\gymnomads\\backend\\src\\routes\\user-routes.js": {"path":"C:\\Users\\Work\\Desktop\\PROYECTO\\gymnomads\\backend\\src\\routes\\user-routes.js","statementMap":{"0":{"start":{"line":2,"column":19},"end":{"line":2,"column":37}},"1":{"start":{"line":16,"column":4},"end":{"line":16,"column":45}},"2":{"start":{"line":20,"column":23},"end":{"line":20,"column":63}},"3":{"start":{"line":24,"column":23},"end":{"line":24,"column":56}},"4":{"start":{"line":25,"column":32},"end":{"line":25,"column":74}},"5":{"start":{"line":29,"column":24},"end":{"line":29,"column":65}},"6":{"start":{"line":33,"column":31},"end":{"line":33,"column":65}},"7":{"start":{"line":37,"column":15},"end":{"line":37,"column":23}},"8":{"start":{"line":45,"column":0},"end":{"line":45,"column":39}},"9":{"start":{"line":48,"column":0},"end":{"line":48,"column":33}},"10":{"start":{"line":56,"column":0},"end":{"line":56,"column":51}},"11":{"start":{"line":59,"column":0},"end":{"line":59,"column":54}},"12":{"start":{"line":62,"column":0},"end":{"line":62,"column":63}},"13":{"start":{"line":65,"column":0},"end":{"line":70,"column":2}},"14":{"start":{"line":73,"column":0},"end":{"line":73,"column":56}},"15":{"start":{"line":81,"column":0},"end":{"line":86,"column":2}},"16":{"start":{"line":89,"column":0},"end":{"line":94,"column":2}},"17":{"start":{"line":97,"column":0},"end":{"line":102,"column":2}},"18":{"start":{"line":105,"column":0},"end":{"line":110,"column":2}},"19":{"start":{"line":113,"column":0},"end":{"line":118,"column":2}},"20":{"start":{"line":120,"column":0},"end":{"line":120,"column":24}}},"fnMap":{},"branchMap":{},"s":{"0":6,"1":6,"2":6,"3":6,"4":6,"5":6,"6":6,"7":6,"8":6,"9":6,"10":6,"11":6,"12":6,"13":6,"14":6,"15":6,"16":6,"17":6,"18":6,"19":6,"20":6},"f":{},"b":{},"_coverageSchema":"1a1c01bbd47fc00a2c39e90264f33305004495a9","hash":"325aead08d977ec9a13b8771a87552b4361531eb"}
,"C:\\Users\\Work\\Desktop\\PROYECTO\\gymnomads\\backend\\src\\routes\\visit-routes.js": {"path":"C:\\Users\\Work\\Desktop\\PROYECTO\\gymnomads\\backend\\src\\routes\\visit-routes.js","statementMap":{"0":{"start":{"line":2,"column":19},"end":{"line":2,"column":37}},"1":{"start":{"line":16,"column":4},"end":{"line":16,"column":46}},"2":{"start":{"line":17,"column":23},"end":{"line":17,"column":63}},"3":{"start":{"line":21,"column":15},"end":{"line":21,"column":23}},"4":{"start":{"line":29,"column":0},"end":{"line":29,"column":46}},"5":{"start":{"line":32,"column":0},"end":{"line":32,"column":46}},"6":{"start":{"line":35,"column":0},"end":{"line":35,"column":59}},"7":{"start":{"line":38,"column":0},"end":{"line":38,"column":73}},"8":{"start":{"line":41,"column":0},"end":{"line":41,"column":54}},"9":{"start":{"line":44,"column":0},"end":{"line":44,"column":61}},"10":{"start":{"line":47,"column":0},"end":{"line":47,"column":58}},"11":{"start":{"line":50,"column":0},"end":{"line":50,"column":53}},"12":{"start":{"line":53,"column":0},"end":{"line":53,"column":49}},"13":{"start":{"line":55,"column":0},"end":{"line":55,"column":24}}},"fnMap":{},"branchMap":{},"s":{"0":6,"1":6,"2":6,"3":6,"4":6,"5":6,"6":6,"7":6,"8":6,"9":6,"10":6,"11":6,"12":6,"13":6},"f":{},"b":{},"_coverageSchema":"1a1c01bbd47fc00a2c39e90264f33305004495a9","hash":"2b8f992efa2c0257a54981de85f75a8c4e809e29"}
,"C:\\Users\\Work\\Desktop\\PROYECTO\\gymnomads\\backend\\src\\utils\\multer-config.js": {"path":"C:\\Users\\Work\\Desktop\\PROYECTO\\gymnomads\\backend\\src\\utils\\multer-config.js","statementMap":{"0":{"start":{"line":3,"column":15},"end":{"line":3,"column":32}},"1":{"start":{"line":4,"column":13},"end":{"line":4,"column":28}},"2":{"start":{"line":7,"column":11},"end":{"line":7,"column":24}},"3":{"start":{"line":12,"column":23},"end":{"line":63,"column":1}},"4":{"start":{"line":15,"column":18},"end":{"line":38,"column":4}},"5":{"start":{"line":19,"column":25},"end":{"line":19,"column":49}},"6":{"start":{"line":22,"column":6},"end":{"line":22,"column":52}},"7":{"start":{"line":23,"column":6},"end":{"line":23,"column":27}},"8":{"start":{"line":33,"column":17},"end":{"line":33,"column":49}},"9":{"start":{"line":35,"column":8},"end":{"line":35,"column":63}},"10":{"start":{"line":36,"column":6},"end":{"line":36,"column":29}},"11":{"start":{"line":42,"column":21},"end":{"line":50,"column":3}},"12":{"start":{"line":43,"column":4},"end":{"line":49,"column":5}},"13":{"start":{"line":46,"column":6},"end":{"line":46,"column":21}},"14":{"start":{"line":48,"column":6},"end":{"line":48,"column":79}},"15":{"start":{"line":54,"column":2},"end":{"line":62,"column":5}},"16":{"start":{"line":65,"column":0},"end":{"line":65,"column":32}}},"fnMap":{"0":{"name":"(anonymous_0)","decl":{"start":{"line":12,"column":23},"end":{"line":12,"column":24}},"loc":{"start":{"line":12,"column":39},"end":{"line":63,"column":1}},"line":12},"1":{"name":"(anonymous_1)","decl":{"start":{"line":18,"column":17},"end":{"line":18,"column":18}},"loc":{"start":{"line":18,"column":36},"end":{"line":24,"column":5}},"line":18},"2":{"name":"(anonymous_2)","decl":{"start":{"line":28,"column":14},"end":{"line":28,"column":15}},"loc":{"start":{"line":28,"column":33},"end":{"line":37,"column":5}},"line":28},"3":{"name":"(anonymous_3)","decl":{"start":{"line":42,"column":21},"end":{"line":42,"column":22}},"loc":{"start":{"line":42,"column":40},"end":{"line":50,"column":3}},"line":42}},"branchMap":{"0":{"loc":{"start":{"line":33,"column":17},"end":{"line":33,"column":49}},"type":"binary-expr","locations":[{"start":{"line":33,"column":17},"end":{"line":33,"column":30}},{"start":{"line":33,"column":34},"end":{"line":33,"column":49}}],"line":33},"1":{"loc":{"start":{"line":43,"column":4},"end":{"line":49,"column":5}},"type":"if","locations":[{"start":{"line":43,"column":4},"end":{"line":49,"column":5}},{"start":{"line":47,"column":11},"end":{"line":49,"column":5}}],"line":43}},"s":{"0":6,"1":6,"2":6,"3":6,"4":18,"5":0,"6":0,"7":0,"8":0,"9":0,"10":0,"11":18,"12":0,"13":0,"14":0,"15":18,"16":6},"f":{"0":18,"1":0,"2":0,"3":0},"b":{"0":[0,0],"1":[0,0]},"_coverageSchema":"1a1c01bbd47fc00a2c39e90264f33305004495a9","hash":"cc5906570fb13d82f135d8c96e9c6ebd0fa17432"}
,"C:\\Users\\Work\\Desktop\\PROYECTO\\gymnomads\\backend\\tests\\utils\\db-handler.js": {"path":"C:\\Users\\Work\\Desktop\\PROYECTO\\gymnomads\\backend\\tests\\utils\\db-handler.js","statementMap":{"0":{"start":{"line":14,"column":11},"end":{"line":14,"column":37}},"1":{"start":{"line":17,"column":22},"end":{"line":33,"column":1}},"2":{"start":{"line":19,"column":2},"end":{"line":21,"column":3}},"3":{"start":{"line":20,"column":4},"end":{"line":20,"column":85}},"4":{"start":{"line":23,"column":21},"end":{"line":23,"column":45}},"5":{"start":{"line":24,"column":2},"end":{"line":32,"column":3}},"6":{"start":{"line":25,"column":4},"end":{"line":25,"column":57}},"7":{"start":{"line":26,"column":4},"end":{"line":26,"column":52}},"8":{"start":{"line":27,"column":4},"end":{"line":27,"column":51}},"9":{"start":{"line":28,"column":4},"end":{"line":28,"column":50}},"10":{"start":{"line":29,"column":4},"end":{"line":29,"column":57}},"11":{"start":{"line":31,"column":4},"end":{"line":31,"column":25}},"12":{"start":{"line":36,"column":22},"end":{"line":38,"column":1}},"13":{"start":{"line":37,"column":2},"end":{"line":37,"column":17}},"14":{"start":{"line":40,"column":0},"end":{"line":40,"column":50}}},"fnMap":{"0":{"name":"(anonymous_0)","decl":{"start":{"line":17,"column":22},"end":{"line":17,"column":23}},"loc":{"start":{"line":17,"column":34},"end":{"line":33,"column":1}},"line":17},"1":{"name":"(anonymous_1)","decl":{"start":{"line":36,"column":22},"end":{"line":36,"column":23}},"loc":{"start":{"line":36,"column":34},"end":{"line":38,"column":1}},"line":36}},"branchMap":{"0":{"loc":{"start":{"line":19,"column":2},"end":{"line":21,"column":3}},"type":"if","locations":[{"start":{"line":19,"column":2},"end":{"line":21,"column":3}},{"start":{},"end":{}}],"line":19}},"s":{"0":5,"1":5,"2":21,"3":0,"4":21,"5":21,"6":21,"7":21,"8":21,"9":21,"10":21,"11":21,"12":5,"13":5,"14":5},"f":{"0":21,"1":5},"b":{"0":[0,21]},"_coverageSchema":"1a1c01bbd47fc00a2c39e90264f33305004495a9","hash":"ced474d236c271acea3c5c5a14c9040de067c7f1"}
}
