TN:
SF:index.js
FN:45,(anonymous_0)
FN:67,(anonymous_1)
FNF:2
FNH:1
FNDA:1,(anonymous_0)
FNDA:0,(anonymous_1)
DA:7,4
DA:9,4
DA:11,4
DA:12,4
DA:13,4
DA:18,4
DA:22,4
DA:26,4
DA:31,4
DA:35,4
DA:40,4
DA:45,4
DA:46,1
DA:53,4
DA:57,4
DA:61,4
DA:66,4
DA:67,0
DA:68,0
DA:72,4
LF:20
LH:18
BRDA:26,0,0,4
BRDA:26,0,1,4
BRDA:66,1,0,0
BRDA:66,1,1,4
BRF:4
BRH:3
end_of_record
TN:
SF:config\db.js
FNF:0
FNH:0
DA:17,4
DA:20,4
DA:25,4
DA:26,4
DA:31,4
DA:32,0
DA:33,0
DA:34,0
DA:39,4
DA:48,4
LF:10
LH:7
BRDA:26,0,0,4
BRDA:26,0,1,0
BRDA:26,1,0,0
BRDA:26,1,1,0
BRDA:31,2,0,0
BRDA:31,2,1,4
BRDA:31,3,0,4
BRDA:31,3,1,4
BRDA:40,4,0,4
BRDA:40,4,1,0
BRDA:41,5,0,4
BRDA:41,5,1,0
BRDA:42,6,0,4
BRDA:42,6,1,0
BRDA:43,7,0,4
BRDA:43,7,1,4
BRF:16
BRH:9
end_of_record
TN:
SF:src\controllers\gym-controller.js
FN:10,(anonymous_0)
FN:96,(anonymous_1)
FN:132,(anonymous_2)
FN:292,(anonymous_3)
FN:338,(anonymous_4)
FN:404,(anonymous_5)
FN:450,(anonymous_6)
FN:473,(anonymous_7)
FN:538,(anonymous_8)
FN:546,(anonymous_9)
FN:554,(anonymous_10)
FNF:11
FNH:2
FNDA:2,(anonymous_0)
FNDA:0,(anonymous_1)
FNDA:1,(anonymous_2)
FNDA:0,(anonymous_3)
FNDA:0,(anonymous_4)
FNDA:0,(anonymous_5)
FNDA:0,(anonymous_6)
FNDA:0,(anonymous_7)
FNDA:0,(anonymous_8)
FNDA:0,(anonymous_9)
FNDA:0,(anonymous_10)
DA:1,4
DA:2,4
DA:3,4
DA:4,4
DA:10,4
DA:11,2
DA:14,2
DA:15,2
DA:19,2
DA:20,2
DA:21,2
DA:23,2
DA:24,2
DA:25,0
DA:26,0
DA:27,0
DA:28,0
DA:29,0
DA:30,0
DA:34,0
DA:40,2
DA:41,2
DA:42,2
DA:46,2
DA:47,2
DA:48,0
DA:49,0
DA:50,0
DA:57,2
DA:58,0
DA:59,0
DA:62,2
DA:63,0
DA:64,0
DA:65,0
DA:68,2
DA:72,2
DA:73,2
DA:77,2
DA:78,2
DA:82,2
DA:87,0
DA:88,0
DA:96,4
DA:97,0
DA:100,0
DA:106,0
DA:113,0
DA:114,0
DA:119,0
DA:121,0
DA:122,0
DA:132,4
DA:133,1
DA:147,1
DA:151,1
DA:161,0
DA:169,1
DA:170,0
DA:175,1
DA:176,0
DA:183,1
DA:184,1
DA:186,1
DA:187,0
DA:192,1
DA:193,0
DA:202,1
DA:207,1
DA:211,1
DA:218,1
DA:222,1
DA:227,1
DA:230,0
DA:231,0
DA:238,1
DA:242,1
DA:257,1
DA:281,0
DA:282,0
DA:292,4
DA:293,0
DA:296,0
DA:300,0
DA:304,0
DA:305,0
DA:314,0
DA:321,0
DA:322,0
DA:327,0
DA:329,0
DA:330,0
DA:338,4
DA:339,0
DA:342,0
DA:344,0
DA:345,0
DA:352,0
DA:355,0
DA:358,0
DA:364,0
DA:365,0
DA:366,0
DA:367,0
DA:371,0
DA:379,0
DA:382,0
DA:387,0
DA:388,0
DA:390,0
DA:391,0
DA:394,0
DA:395,0
DA:404,4
DA:405,0
DA:408,0
DA:409,0
DA:410,0
DA:414,0
DA:418,0
DA:419,0
DA:423,0
DA:424,0
DA:425,0
DA:426,0
DA:429,0
DA:433,0
DA:434,0
DA:438,0
DA:445,0
DA:449,0
DA:450,0
DA:451,0
DA:452,0
DA:454,0
DA:459,0
DA:464,0
DA:465,0
DA:473,4
DA:474,0
DA:477,0
DA:478,0
DA:483,0
DA:484,0
DA:490,0
DA:495,0
DA:496,0
DA:498,0
DA:502,0
DA:509,0
DA:510,0
DA:511,0
DA:513,0
DA:524,0
DA:529,0
DA:530,0
DA:538,4
DA:539,0
DA:546,4
DA:547,0
DA:554,4
DA:555,0
DA:556,0
DA:560,0
DA:561,0
DA:568,0
DA:573,0
DA:574,0
DA:577,0
DA:578,0
DA:582,0
DA:589,0
DA:594,0
DA:595,0
DA:599,4
LF:175
LH:54
BRDA:14,0,0,2
BRDA:14,1,0,2
BRDA:24,2,0,0
BRDA:24,2,1,2
BRDA:24,3,0,2
BRDA:24,3,1,0
BRDA:46,4,0,2
BRDA:46,4,1,0
BRDA:46,5,0,2
BRDA:46,5,1,0
BRDA:48,6,0,0
BRDA:48,6,1,0
BRDA:57,7,0,0
BRDA:57,7,1,2
BRDA:62,8,0,0
BRDA:62,8,1,2
BRDA:113,9,0,0
BRDA:113,9,1,0
BRDA:151,10,0,0
BRDA:151,10,1,1
BRDA:152,11,0,1
BRDA:152,11,1,1
BRDA:152,11,2,1
BRDA:152,11,3,1
BRDA:152,11,4,1
BRDA:152,11,5,1
BRDA:152,11,6,1
BRDA:152,11,7,1
BRDA:169,12,0,0
BRDA:169,12,1,1
BRDA:175,13,0,0
BRDA:175,13,1,1
BRDA:186,14,0,0
BRDA:186,14,1,1
BRDA:186,15,0,1
BRDA:186,15,1,1
BRDA:192,16,0,0
BRDA:192,16,1,1
BRDA:192,17,0,1
BRDA:192,17,1,1
BRDA:192,17,2,1
BRDA:192,17,3,1
BRDA:204,18,0,1
BRDA:204,18,1,0
BRDA:227,19,0,0
BRDA:227,19,1,1
BRDA:249,20,0,1
BRDA:249,20,1,0
BRDA:269,21,0,1
BRDA:269,21,1,0
BRDA:276,22,0,1
BRDA:276,22,1,0
BRDA:304,23,0,0
BRDA:304,23,1,0
BRDA:304,24,0,0
BRDA:304,24,1,0
BRDA:304,24,2,0
BRDA:304,24,3,0
BRDA:304,24,4,0
BRDA:316,25,0,0
BRDA:316,25,1,0
BRDA:321,26,0,0
BRDA:321,26,1,0
BRDA:344,27,0,0
BRDA:344,27,1,0
BRDA:364,28,0,0
BRDA:364,28,1,0
BRDA:387,29,0,0
BRDA:387,29,1,0
BRDA:394,30,0,0
BRDA:394,30,1,0
BRDA:409,31,0,0
BRDA:409,32,0,0
BRDA:423,33,0,0
BRDA:423,33,1,0
BRDA:449,34,0,0
BRDA:449,34,1,0
BRDA:451,35,0,0
BRDA:451,35,1,0
BRDA:477,36,0,0
BRDA:477,36,1,0
BRDA:495,37,0,0
BRDA:495,37,1,0
BRDA:509,38,0,0
BRDA:509,38,1,0
BRDA:560,39,0,0
BRDA:560,39,1,0
BRDA:573,40,0,0
BRDA:573,40,1,0
BRDA:578,41,0,0
BRDA:578,41,1,0
BRDA:590,42,0,0
BRDA:590,42,1,0
BRF:93
BRH:32
end_of_record
TN:
SF:src\controllers\user-controller.js
FN:10,(anonymous_0)
FN:66,(anonymous_1)
FN:122,(anonymous_2)
FN:179,(anonymous_3)
FN:216,(anonymous_4)
FN:248,(anonymous_5)
FN:304,(anonymous_6)
FN:345,(anonymous_7)
FN:409,(anonymous_8)
FN:435,(anonymous_9)
FN:492,(anonymous_10)
FN:518,(anonymous_11)
FN:592,(anonymous_12)
FN:649,(anonymous_13)
FNF:14
FNH:2
FNDA:18,(anonymous_0)
FNDA:15,(anonymous_1)
FNDA:0,(anonymous_2)
FNDA:0,(anonymous_3)
FNDA:0,(anonymous_4)
FNDA:0,(anonymous_5)
FNDA:0,(anonymous_6)
FNDA:0,(anonymous_7)
FNDA:0,(anonymous_8)
FNDA:0,(anonymous_9)
FNDA:0,(anonymous_10)
FNDA:0,(anonymous_11)
FNDA:0,(anonymous_12)
FNDA:0,(anonymous_13)
DA:1,4
DA:2,4
DA:3,4
DA:4,4
DA:10,4
DA:11,18
DA:14,18
DA:18,18
DA:23,18
DA:26,1
DA:31,17
DA:32,17
DA:36,17
DA:43,17
DA:51,17
DA:57,0
DA:58,0
DA:66,4
DA:67,15
DA:70,15
DA:74,15
DA:81,15
DA:82,1
DA:83,1
DA:86,14
DA:90,14
DA:92,14
DA:93,1
DA:94,1
DA:99,13
DA:104,13
DA:108,13
DA:113,0
DA:114,0
DA:122,4
DA:123,0
DA:126,0
DA:130,0
DA:142,0
DA:143,0
DA:144,0
DA:149,0
DA:151,0
DA:152,0
DA:154,0
DA:155,0
DA:160,0
DA:163,0
DA:168,0
DA:170,0
DA:171,0
DA:179,4
DA:180,0
DA:183,0
DA:187,0
DA:191,0
DA:198,0
DA:199,0
DA:200,0
DA:205,0
DA:207,0
DA:208,0
DA:216,4
DA:217,0
DA:220,0
DA:224,0
DA:228,0
DA:229,0
DA:230,0
DA:233,0
DA:237,0
DA:239,0
DA:240,0
DA:248,4
DA:249,0
DA:252,0
DA:253,0
DA:258,0
DA:259,0
DA:263,0
DA:267,0
DA:271,0
DA:278,0
DA:279,0
DA:280,0
DA:282,0
DA:290,0
DA:295,0
DA:296,0
DA:304,4
DA:305,0
DA:308,0
DA:312,0
DA:316,0
DA:317,0
DA:324,0
DA:328,0
DA:329,0
DA:334,0
DA:336,0
DA:337,0
DA:345,4
DA:346,0
DA:349,0
DA:350,0
DA:354,0
DA:359,0
DA:363,0
DA:364,0
DA:365,0
DA:366,0
DA:367,0
DA:370,0
DA:371,0
DA:372,0
DA:375,0
DA:376,0
DA:377,0
DA:378,0
DA:381,0
DA:385,0
DA:386,0
DA:391,0
DA:404,0
DA:408,0
DA:409,0
DA:410,0
DA:411,0
DA:413,0
DA:414,0
DA:416,0
DA:421,0
DA:426,0
DA:427,0
DA:435,4
DA:436,0
DA:439,0
DA:440,0
DA:444,0
DA:449,0
DA:450,0
DA:454,0
DA:455,0
DA:456,0
DA:459,0
DA:460,0
DA:461,0
DA:462,0
DA:465,0
DA:469,0
DA:470,0
DA:474,0
DA:487,0
DA:491,0
DA:492,0
DA:493,0
DA:494,0
DA:496,0
DA:497,0
DA:499,0
DA:504,0
DA:509,0
DA:510,0
DA:518,4
DA:519,0
DA:525,0
DA:529,0
DA:532,0
DA:540,0
DA:544,0
DA:548,0
DA:552,0
DA:553,0
DA:556,0
DA:560,0
DA:561,0
DA:562,0
DA:569,0
DA:570,0
DA:574,0
DA:581,0
DA:583,0
DA:584,0
DA:592,4
DA:593,0
DA:597,0
DA:601,0
DA:602,0
DA:603,0
DA:611,0
DA:616,0
DA:617,0
DA:618,0
DA:623,0
DA:624,0
DA:628,0
DA:635,0
DA:640,0
DA:641,0
DA:649,4
DA:650,0
DA:653,0
DA:657,0
DA:661,0
DA:662,0
DA:669,0
DA:670,0
DA:675,0
DA:676,0
DA:683,0
DA:690,0
DA:691,0
DA:698,0
DA:718,0
DA:719,0
DA:726,0
DA:731,0
DA:732,0
DA:738,4
LF:219
LH:41
BRDA:23,0,0,1
BRDA:23,0,1,17
BRDA:81,1,0,1
BRDA:81,1,1,14
BRDA:92,2,0,1
BRDA:92,2,1,13
BRDA:142,3,0,0
BRDA:142,3,1,0
BRDA:151,4,0,0
BRDA:151,4,1,0
BRDA:154,5,0,0
BRDA:154,5,1,0
BRDA:161,6,0,0
BRDA:161,6,1,0
BRDA:198,7,0,0
BRDA:198,7,1,0
BRDA:228,8,0,0
BRDA:228,8,1,0
BRDA:252,9,0,0
BRDA:252,9,1,0
BRDA:278,10,0,0
BRDA:278,10,1,0
BRDA:316,11,0,0
BRDA:316,11,1,0
BRDA:328,12,0,0
BRDA:328,12,1,0
BRDA:349,13,0,0
BRDA:349,14,0,0
BRDA:364,15,0,0
BRDA:364,15,1,0
BRDA:366,16,0,0
BRDA:366,16,1,0
BRDA:370,17,0,0
BRDA:370,17,1,0
BRDA:375,18,0,0
BRDA:375,18,1,0
BRDA:408,19,0,0
BRDA:408,19,1,0
BRDA:410,20,0,0
BRDA:410,20,1,0
BRDA:413,21,0,0
BRDA:413,21,1,0
BRDA:439,22,0,0
BRDA:439,23,0,0
BRDA:454,24,0,0
BRDA:454,24,1,0
BRDA:459,25,0,0
BRDA:459,25,1,0
BRDA:491,26,0,0
BRDA:491,26,1,0
BRDA:493,27,0,0
BRDA:493,27,1,0
BRDA:496,28,0,0
BRDA:496,28,1,0
BRDA:529,29,0,0
BRDA:529,29,1,0
BRDA:552,30,0,0
BRDA:552,30,1,0
BRDA:561,31,0,0
BRDA:561,31,1,0
BRDA:602,32,0,0
BRDA:602,32,1,0
BRDA:602,33,0,0
BRDA:602,33,1,0
BRDA:616,34,0,0
BRDA:616,34,1,0
BRDA:661,35,0,0
BRDA:661,35,1,0
BRDA:661,36,0,0
BRDA:661,36,1,0
BRDA:669,37,0,0
BRDA:669,37,1,0
BRDA:675,38,0,0
BRDA:675,38,1,0
BRDA:685,39,0,0
BRDA:685,39,1,0
BRDA:690,40,0,0
BRDA:690,40,1,0
BRDA:718,41,0,0
BRDA:718,41,1,0
BRF:80
BRH:6
end_of_record
TN:
SF:src\controllers\visit-controller.js
FN:8,(anonymous_0)
FN:111,(anonymous_1)
FN:154,(anonymous_2)
FN:177,(anonymous_3)
FN:214,(anonymous_4)
FN:237,(anonymous_5)
FN:284,(anonymous_6)
FN:307,(anonymous_7)
FN:392,(anonymous_8)
FN:464,(anonymous_9)
FN:493,(anonymous_10)
FN:552,(anonymous_11)
FN:578,(anonymous_12)
FN:637,(anonymous_13)
FN:663,(anonymous_14)
FNF:15
FNH:3
FNDA:4,(anonymous_0)
FNDA:0,(anonymous_1)
FNDA:0,(anonymous_2)
FNDA:0,(anonymous_3)
FNDA:0,(anonymous_4)
FNDA:1,(anonymous_5)
FNDA:1,(anonymous_6)
FNDA:0,(anonymous_7)
FNDA:0,(anonymous_8)
FNDA:0,(anonymous_9)
FNDA:0,(anonymous_10)
FNDA:0,(anonymous_11)
FNDA:0,(anonymous_12)
FNDA:0,(anonymous_13)
FNDA:0,(anonymous_14)
DA:1,4
DA:8,4
DA:9,4
DA:12,4
DA:16,4
DA:20,4
DA:21,1
DA:24,1
DA:31,3
DA:32,0
DA:35,0
DA:44,3
DA:45,3
DA:54,3
DA:56,3
DA:57,0
DA:58,0
DA:69,3
DA:76,3
DA:77,0
DA:80,0
DA:90,3
DA:97,2
DA:102,1
DA:103,1
DA:111,4
DA:112,0
DA:115,0
DA:116,0
DA:117,0
DA:121,0
DA:122,0
DA:127,0
DA:132,0
DA:136,0
DA:137,0
DA:141,0
DA:149,0
DA:153,0
DA:154,0
DA:155,0
DA:156,0
DA:158,0
DA:163,0
DA:168,0
DA:169,0
DA:177,4
DA:178,0
DA:181,0
DA:182,0
DA:183,0
DA:187,0
DA:192,0
DA:196,0
DA:197,0
DA:201,0
DA:209,0
DA:213,0
DA:214,0
DA:215,0
DA:216,0
DA:218,0
DA:223,0
DA:228,0
DA:229,0
DA:237,4
DA:238,1
DA:241,1
DA:242,1
DA:243,1
DA:247,1
DA:252,1
DA:253,1
DA:257,1
DA:258,0
DA:259,0
DA:261,1
DA:265,1
DA:266,1
DA:270,1
DA:279,1
DA:283,1
DA:284,1
DA:285,1
DA:286,0
DA:288,1
DA:293,1
DA:298,0
DA:299,0
DA:307,4
DA:308,0
DA:309,0
DA:310,0
DA:311,0
DA:315,0
DA:332,0
DA:334,0
DA:335,0
DA:338,0
DA:345,0
DA:347,0
DA:348,0
DA:349,0
DA:350,0
DA:351,0
DA:353,0
DA:355,0
DA:356,0
DA:360,0
DA:361,0
DA:362,0
DA:367,0
DA:368,0
DA:372,0
DA:380,0
DA:383,0
DA:384,0
DA:392,4
DA:393,0
DA:396,0
DA:397,0
DA:404,0
DA:405,0
DA:409,0
DA:416,0
DA:417,0
DA:421,0
DA:422,0
DA:423,0
DA:424,0
DA:427,0
DA:428,0
DA:429,0
DA:432,0
DA:433,0
DA:434,0
DA:435,0
DA:438,0
DA:442,0
DA:443,0
DA:447,0
DA:459,0
DA:463,0
DA:464,0
DA:465,0
DA:466,0
DA:468,0
DA:469,0
DA:471,0
DA:472,0
DA:474,0
DA:479,0
DA:484,0
DA:485,0
DA:493,4
DA:494,0
DA:497,0
DA:498,0
DA:502,0
DA:506,0
DA:507,0
DA:511,0
DA:517,0
DA:518,0
DA:522,0
DA:523,0
DA:524,0
DA:525,0
DA:527,0
DA:531,0
DA:532,0
DA:536,0
DA:547,0
DA:551,0
DA:552,0
DA:553,0
DA:554,0
DA:556,0
DA:557,0
DA:559,0
DA:564,0
DA:569,0
DA:570,0
DA:578,4
DA:579,0
DA:582,0
DA:583,0
DA:587,0
DA:591,0
DA:592,0
DA:596,0
DA:602,0
DA:603,0
DA:607,0
DA:608,0
DA:609,0
DA:610,0
DA:612,0
DA:616,0
DA:617,0
DA:621,0
DA:632,0
DA:636,0
DA:637,0
DA:638,0
DA:639,0
DA:641,0
DA:642,0
DA:644,0
DA:649,0
DA:654,0
DA:655,0
DA:663,4
DA:664,0
DA:667,0
DA:669,0
DA:670,0
DA:671,0
DA:672,0
DA:676,0
DA:679,0
DA:680,0
DA:681,0
DA:683,0
DA:688,0
DA:691,0
DA:692,0
DA:693,0
DA:695,0
DA:696,0
DA:697,0
DA:699,0
DA:710,0
DA:711,0
DA:712,0
DA:714,0
DA:721,0
DA:722,0
DA:726,4
LF:239
LH:46
BRDA:20,0,0,1
BRDA:20,0,1,3
BRDA:31,1,0,0
BRDA:31,1,1,3
BRDA:31,2,0,3
BRDA:31,2,1,3
BRDA:44,3,0,3
BRDA:44,3,1,0
BRDA:56,4,0,0
BRDA:56,4,1,3
BRDA:76,5,0,0
BRDA:76,5,1,3
BRDA:116,6,0,0
BRDA:116,7,0,0
BRDA:121,8,0,0
BRDA:121,8,1,0
BRDA:121,9,0,0
BRDA:121,9,1,0
BRDA:153,10,0,0
BRDA:153,10,1,0
BRDA:155,11,0,0
BRDA:155,11,1,0
BRDA:182,12,0,0
BRDA:182,13,0,0
BRDA:213,14,0,0
BRDA:213,14,1,0
BRDA:215,15,0,0
BRDA:215,15,1,0
BRDA:242,16,0,1
BRDA:242,17,0,1
BRDA:257,18,0,0
BRDA:257,18,1,1
BRDA:283,19,0,1
BRDA:283,19,1,0
BRDA:285,20,0,0
BRDA:285,20,1,1
BRDA:334,21,0,0
BRDA:334,21,1,0
BRDA:347,22,0,0
BRDA:347,22,1,0
BRDA:349,23,0,0
BRDA:349,23,1,0
BRDA:350,24,0,0
BRDA:350,24,1,0
BRDA:353,25,0,0
BRDA:353,25,1,0
BRDA:355,26,0,0
BRDA:355,26,1,0
BRDA:361,27,0,0
BRDA:361,27,1,0
BRDA:361,28,0,0
BRDA:361,28,1,0
BRDA:367,29,0,0
BRDA:367,29,1,0
BRDA:396,30,0,0
BRDA:396,30,1,0
BRDA:404,31,0,0
BRDA:404,32,0,0
BRDA:421,33,0,0
BRDA:421,33,1,0
BRDA:423,34,0,0
BRDA:423,34,1,0
BRDA:427,35,0,0
BRDA:427,35,1,0
BRDA:432,36,0,0
BRDA:432,36,1,0
BRDA:463,37,0,0
BRDA:463,37,1,0
BRDA:465,38,0,0
BRDA:465,38,1,0
BRDA:468,39,0,0
BRDA:468,39,1,0
BRDA:471,40,0,0
BRDA:471,40,1,0
BRDA:497,41,0,0
BRDA:497,41,1,0
BRDA:497,42,0,0
BRDA:497,42,1,0
BRDA:506,43,0,0
BRDA:506,44,0,0
BRDA:522,45,0,0
BRDA:522,45,1,0
BRDA:551,46,0,0
BRDA:551,46,1,0
BRDA:553,47,0,0
BRDA:553,47,1,0
BRDA:556,48,0,0
BRDA:556,48,1,0
BRDA:582,49,0,0
BRDA:582,49,1,0
BRDA:582,50,0,0
BRDA:582,50,1,0
BRDA:591,51,0,0
BRDA:591,52,0,0
BRDA:607,53,0,0
BRDA:607,53,1,0
BRDA:636,54,0,0
BRDA:636,54,1,0
BRDA:638,55,0,0
BRDA:638,55,1,0
BRDA:641,56,0,0
BRDA:641,56,1,0
BRDA:676,57,0,0
BRDA:676,57,1,0
BRDA:684,58,0,0
BRDA:684,58,1,0
BRDA:685,59,0,0
BRDA:685,59,1,0
BRDA:686,60,0,0
BRDA:686,60,1,0
BRDA:688,61,0,0
BRDA:688,61,1,0
BRDA:700,62,0,0
BRDA:700,62,1,0
BRDA:701,63,0,0
BRDA:701,63,1,0
BRDA:702,64,0,0
BRDA:702,64,1,0
BRDA:703,65,0,0
BRDA:703,65,1,0
BRDA:704,66,0,0
BRDA:704,66,1,0
BRDA:705,67,0,0
BRDA:705,67,1,0
BRDA:715,68,0,0
BRDA:715,68,1,0
BRDA:716,69,0,0
BRDA:716,69,1,0
BRDA:717,70,0,0
BRDA:717,70,1,0
BRF:130
BRH:13
end_of_record
TN:
SF:src\middleware\admin-middleware.js
FN:3,(anonymous_0)
FNF:1
FNH:1
FNDA:2,(anonymous_0)
DA:3,4
DA:6,2
DA:9,1
DA:13,1
DA:19,4
LF:5
LH:5
BRDA:6,0,0,1
BRDA:6,0,1,1
BRDA:6,1,0,2
BRDA:6,1,1,2
BRF:4
BRH:4
end_of_record
TN:
SF:src\middleware\admin-or-manager-middleware.js
FN:6,(anonymous_0)
FNF:1
FNH:0
FNDA:0,(anonymous_0)
DA:6,4
DA:9,0
DA:10,0
DA:17,0
DA:19,0
DA:20,0
DA:27,0
DA:30,4
LF:8
LH:2
BRDA:9,0,0,0
BRDA:9,0,1,0
BRDA:9,1,0,0
BRDA:9,1,1,0
BRDA:19,2,0,0
BRDA:19,2,1,0
BRDA:19,3,0,0
BRDA:19,3,1,0
BRF:8
BRH:0
end_of_record
TN:
SF:src\middleware\auth-middleware.js
FN:3,(anonymous_0)
FNF:1
FNH:1
FNDA:8,(anonymous_0)
DA:1,4
DA:3,4
DA:4,8
DA:9,8
DA:11,8
DA:12,1
DA:13,1
DA:19,7
DA:21,7
DA:22,0
DA:23,0
DA:28,7
DA:33,7
DA:38,7
DA:41,0
DA:43,0
DA:50,4
LF:17
LH:13
BRDA:11,0,0,1
BRDA:11,0,1,7
BRDA:21,1,0,0
BRDA:21,1,1,7
BRF:4
BRH:3
end_of_record
TN:
SF:src\middleware\manager-middleware.js
FN:4,(anonymous_0)
FNF:1
FNH:0
FNDA:0,(anonymous_0)
DA:4,4
DA:5,0
DA:6,0
DA:7,0
DA:8,0
DA:12,0
DA:13,0
DA:18,0
DA:19,0
DA:23,0
DA:24,0
DA:30,4
LF:12
LH:2
BRDA:12,0,0,0
BRDA:12,0,1,0
BRDA:12,1,0,0
BRDA:12,1,1,0
BRF:4
BRH:0
end_of_record
TN:
SF:src\middleware\upload-middleware.js
FN:7,(anonymous_0)
FN:8,(anonymous_1)
FN:11,(anonymous_2)
FN:36,(anonymous_3)
FN:46,(anonymous_4)
FN:58,(anonymous_5)
FN:79,(anonymous_6)
FN:80,(anonymous_7)
FNF:8
FNH:3
FNDA:12,(anonymous_0)
FNDA:0,(anonymous_1)
FNDA:0,(anonymous_2)
FNDA:0,(anonymous_3)
FNDA:0,(anonymous_4)
FNDA:0,(anonymous_5)
FNDA:1,(anonymous_6)
FNDA:1,(anonymous_7)
DA:1,4
DA:2,4
DA:3,4
DA:7,4
DA:8,12
DA:9,0
DA:11,0
DA:12,0
DA:15,0
DA:18,0
DA:21,0
DA:25,0
DA:35,4
DA:39,0
DA:40,0
DA:43,0
DA:44,0
DA:49,0
DA:52,0
DA:58,4
DA:59,0
DA:60,0
DA:62,0
DA:68,4
DA:79,4
DA:80,1
DA:82,1
DA:85,0
DA:88,1
DA:91,0
DA:95,1
DA:99,4
LF:32
LH:14
BRDA:12,0,0,0
BRDA:12,0,1,0
BRDA:18,1,0,0
BRDA:18,1,1,0
BRDA:39,2,0,0
BRDA:39,2,1,0
BRDA:59,3,0,0
BRDA:59,3,1,0
BRDA:82,4,0,0
BRDA:82,4,1,1
BRDA:88,5,0,0
BRDA:88,5,1,1
BRF:12
BRH:2
end_of_record
TN:
SF:src\routes\gym-routes.js
FNF:0
FNH:0
DA:2,4
DA:13,4
DA:17,4
DA:18,4
DA:19,4
DA:20,4
DA:24,4
DA:28,4
DA:32,4
DA:33,4
DA:37,4
DA:47,4
DA:50,4
DA:58,4
DA:67,4
DA:75,4
DA:84,4
DA:98,4
DA:111,4
DA:120,4
DA:128,4
LF:21
LH:21
BRF:0
BRH:0
end_of_record
TN:
SF:src\routes\user-routes.js
FNF:0
FNH:0
DA:2,4
DA:16,4
DA:20,4
DA:24,4
DA:25,4
DA:29,4
DA:33,4
DA:37,4
DA:45,4
DA:48,4
DA:56,4
DA:59,4
DA:62,4
DA:65,4
DA:73,4
DA:81,4
DA:89,4
DA:97,4
DA:105,4
DA:113,4
DA:120,4
LF:21
LH:21
BRF:0
BRH:0
end_of_record
TN:
SF:src\routes\visit-routes.js
FNF:0
FNH:0
DA:2,4
DA:16,4
DA:17,4
DA:21,4
DA:29,4
DA:32,4
DA:35,4
DA:38,4
DA:41,4
DA:44,4
DA:47,4
DA:50,4
DA:53,4
DA:55,4
LF:14
LH:14
BRF:0
BRH:0
end_of_record
TN:
SF:src\utils\multer-config.js
FN:12,(anonymous_0)
FN:18,(anonymous_1)
FN:28,(anonymous_2)
FN:42,(anonymous_3)
FNF:4
FNH:1
FNDA:12,(anonymous_0)
FNDA:0,(anonymous_1)
FNDA:0,(anonymous_2)
FNDA:0,(anonymous_3)
DA:3,4
DA:4,4
DA:7,4
DA:12,4
DA:15,12
DA:19,0
DA:22,0
DA:23,0
DA:33,0
DA:35,0
DA:36,0
DA:42,12
DA:43,0
DA:46,0
DA:48,0
DA:54,12
DA:65,4
LF:17
LH:8
BRDA:33,0,0,0
BRDA:33,0,1,0
BRDA:43,1,0,0
BRDA:43,1,1,0
BRF:4
BRH:0
end_of_record
TN:
SF:tests\utils\db-handler.js
FN:17,(anonymous_0)
FN:36,(anonymous_1)
FNF:2
FNH:2
FNDA:13,(anonymous_0)
FNDA:3,(anonymous_1)
DA:14,3
DA:17,3
DA:19,13
DA:20,0
DA:23,13
DA:24,13
DA:25,13
DA:26,13
DA:27,13
DA:28,13
DA:29,13
DA:31,13
DA:36,3
DA:37,3
DA:40,3
LF:15
LH:14
BRDA:19,0,0,0
BRDA:19,0,1,13
BRF:2
BRH:1
end_of_record
